<?xml version="1.0" encoding="UTF-8"?>
<TestRun id="23a8ad51-d1ca-4b24-bdb7-153f04c30515" name="ADMIN@HONGTHY 2019-04-11 17:22:01" runUser="HONGTHY\ADMIN" xmlns="http://microsoft.com/schemas/VisualStudio/TeamTest/2010">
  <TestSettings name="Local" id="cc75e7d1-cc8f-4277-bdb4-190cc8087d18">
    <Description>These are default test settings for a local test run.</Description>
    <Deployment enabled="false" runDeploymentRoot="ADMIN_HONGTHY 2019-04-11 17_22_01">
      <DeploymentItem filename="C:\Users\ADMIN\Desktop\Quan-Ly-Ban-Hang\bin\Debug\DAO.dll" />
      <DeploymentItem filename="C:\Users\ADMIN\Desktop\Quan-Ly-Ban-Hang\bin\Debug\QuanLyBanHang.exe" />
      <DeploymentItem filename="C:\Users\ADMIN\Desktop\Quan-Ly-Ban-Hang\DTO\bin\Debug\DTO.dll" />
      <DeploymentItem filename="C:\Users\ADMIN\Desktop\Quan-Ly-Ban-Hang\bin\Debug\BUS.dll" />
    </Deployment>
    <Execution>
      <TestTypeSpecific />
      <AgentRule name="Execution Agents">
      </AgentRule>
    </Execution>
  </TestSettings>
  <Times creation="2019-04-11T17:22:01.4557704+07:00" queuing="2019-04-11T17:22:01.5167321+07:00" start="2019-04-11T17:22:01.5267280+07:00" finish="2019-04-11T17:22:01.8825064+07:00" />
  <ResultSummary outcome="Completed">
    <Counters total="1" executed="1" passed="1" error="0" failed="0" timeout="0" aborted="0" inconclusive="0" passedButRunAborted="0" notRunnable="0" notExecuted="0" disconnected="0" warning="0" completed="0" inProgress="0" pending="0" />
  </ResultSummary>
  <TestDefinitions>
    <UnitTest name="SuaTenSP" storage="c:\users\admin\desktop\quan-ly-ban-hang\qlbqcptest\bin\debug\qlbqcptest.dll" id="6bea3044-66f3-be96-00d5-acf9da500c44">
      <Execution id="288d63d9-20d3-4e5f-87ed-e433f1392752" />
      <TestMethod codeBase="C:/Users/ADMIN/Desktop/Quan-Ly-Ban-Hang/QLBQCPTest/bin/Debug/QLBQCPTest.DLL" adapterTypeName="Microsoft.VisualStudio.TestTools.TestTypes.Unit.UnitTestAdapter, Microsoft.VisualStudio.QualityTools.Tips.UnitTest.Adapter, Version=10.0.0.0, Culture=neutral, PublicKeyToken=b03f5f7f11d50a3a" className="QLBQCPTest.UnitTest1, QLBQCPTest, Version=1.0.0.0, Culture=neutral, PublicKeyToken=null" name="SuaTenSP" />
    </UnitTest>
  </TestDefinitions>
  <TestLists>
    <TestList name="Results Not in a List" id="8c84fa94-04c1-424b-9868-57a2d4851a1d" />
    <TestList name="All Loaded Results" id="19431567-8539-422a-85d7-44ee4e166bda" />
  </TestLists>
  <TestEntries>
    <TestEntry testId="6bea3044-66f3-be96-00d5-acf9da500c44" executionId="288d63d9-20d3-4e5f-87ed-e433f1392752" testListId="8c84fa94-04c1-424b-9868-57a2d4851a1d" />
  </TestEntries>
  <Results>
    <UnitTestResult executionId="288d63d9-20d3-4e5f-87ed-e433f1392752" testId="6bea3044-66f3-be96-00d5-acf9da500c44" testName="SuaTenSP" computerName="HONGTHY" duration="00:00:00.0303253" startTime="2019-04-11T17:22:01.5477134+07:00" endTime="2019-04-11T17:22:01.8645175+07:00" testType="13cdc9d9-ddb5-4fa4-a97d-d965ccfc6d4b" outcome="Passed" testListId="8c84fa94-04c1-424b-9868-57a2d4851a1d" relativeResultsDirectory="288d63d9-20d3-4e5f-87ed-e433f1392752">
    </UnitTestResult>
  </Results>
</TestRun>