<?xml version="1.0" encoding="UTF-8"?>
<TestRun id="6cd3edd9-b2a0-4b9b-8644-9c7230553d00" name="ADMIN@HONGTHY 2019-04-02 12:36:06" runUser="HONGTHY\ADMIN" xmlns="http://microsoft.com/schemas/VisualStudio/TeamTest/2010">
  <TestSettings name="Local" id="cc75e7d1-cc8f-4277-bdb4-190cc8087d18">
    <Description>These are default test settings for a local test run.</Description>
    <Deployment enabled="false" runDeploymentRoot="ADMIN_HONGTHY 2019-04-02 12_36_06">
      <DeploymentItem filename="C:\Users\ADMIN\Desktop\QuanLyBanHangDHT\bin\Debug\QuanLyBanHang.exe" />
      <DeploymentItem filename="C:\Users\ADMIN\Desktop\QuanLyBanHangDHT\bin\Debug\BUS.dll" />
      <DeploymentItem filename="C:\Users\ADMIN\Desktop\QuanLyBanHangDHT\bin\Debug\DAO.dll" />
      <DeploymentItem filename="C:\Users\ADMIN\Desktop\QuanLyBanHangDHT\DTO\bin\Debug\DTO.dll" />
    </Deployment>
    <Execution>
      <TestTypeSpecific />
      <AgentRule name="Execution Agents">
      </AgentRule>
    </Execution>
  </TestSettings>
  <Times creation="2019-04-02T12:36:06.9160682+07:00" queuing="2019-04-02T12:36:06.9510470+07:00" start="2019-04-02T12:36:06.9800286+07:00" finish="2019-04-02T12:36:07.5776596+07:00" />
  <ResultSummary outcome="Error">
    <Counters total="6" executed="6" passed="4" error="1" failed="1" timeout="0" aborted="0" inconclusive="0" passedButRunAborted="0" notRunnable="0" notExecuted="0" disconnected="0" warning="0" completed="0" inProgress="0" pending="0" />
  </ResultSummary>
  <TestDefinitions>
    <UnitTest name="LoginKhongNhapSaiThongTin" storage="c:\users\admin\desktop\quanlybanhangdht\qlbqcptest\bin\debug\qlbqcptest.dll" id="657f9582-b7c8-bd82-7bee-f064b3bd4161">
      <Execution id="665fa060-cbaf-4554-8f55-5f62aff0d04e" />
      <TestMethod codeBase="C:/Users/ADMIN/Desktop/QuanLyBanHangDHT/QLBQCPTest/bin/Debug/QLBQCPTest.DLL" adapterTypeName="Microsoft.VisualStudio.TestTools.TestTypes.Unit.UnitTestAdapter, Microsoft.VisualStudio.QualityTools.Tips.UnitTest.Adapter, Version=10.0.0.0, Culture=neutral, PublicKeyToken=b03f5f7f11d50a3a" className="QLBQCPTest.UnitTest1, QLBQCPTest, Version=1.0.0.0, Culture=neutral, PublicKeyToken=null" name="LoginKhongNhapSaiThongTin" />
    </UnitTest>
    <UnitTest name="TestLoginKhongNhapPass" storage="c:\users\admin\desktop\quanlybanhangdht\qlbqcptest\bin\debug\qlbqcptest.dll" id="08edbe4f-eebe-3317-b7df-3a53a33d6ca8">
      <Execution id="e5504d9f-3a1f-4f9e-9e54-ec6223aaa9d8" />
      <TestMethod codeBase="C:/Users/ADMIN/Desktop/QuanLyBanHangDHT/QLBQCPTest/bin/Debug/QLBQCPTest.DLL" adapterTypeName="Microsoft.VisualStudio.TestTools.TestTypes.Unit.UnitTestAdapter, Microsoft.VisualStudio.QualityTools.Tips.UnitTest.Adapter, Version=10.0.0.0, Culture=neutral, PublicKeyToken=b03f5f7f11d50a3a" className="QLBQCPTest.UnitTest1, QLBQCPTest, Version=1.0.0.0, Culture=neutral, PublicKeyToken=null" name="TestLoginKhongNhapPass" />
    </UnitTest>
    <UnitTest name="LoginKhongNhapThongTin" storage="c:\users\admin\desktop\quanlybanhangdht\qlbqcptest\bin\debug\qlbqcptest.dll" id="74d44576-8011-fbf1-2066-818783e29ee0">
      <Execution id="0a0f6f35-e349-4eb1-8ce9-9cbd1027e2cf" />
      <TestMethod codeBase="C:/Users/ADMIN/Desktop/QuanLyBanHangDHT/QLBQCPTest/bin/Debug/QLBQCPTest.DLL" adapterTypeName="Microsoft.VisualStudio.TestTools.TestTypes.Unit.UnitTestAdapter, Microsoft.VisualStudio.QualityTools.Tips.UnitTest.Adapter, Version=10.0.0.0, Culture=neutral, PublicKeyToken=b03f5f7f11d50a3a" className="QLBQCPTest.UnitTest1, QLBQCPTest, Version=1.0.0.0, Culture=neutral, PublicKeyToken=null" name="LoginKhongNhapThongTin" />
    </UnitTest>
    <UnitTest name="TestLoginKhongNhapUser" storage="c:\users\admin\desktop\quanlybanhangdht\qlbqcptest\bin\debug\qlbqcptest.dll" id="e2f501f7-857d-805c-ee24-a5d2f5520d98">
      <Execution id="be6a9790-0a01-4298-a3f9-f91c8f442aa4" />
      <TestMethod codeBase="C:/Users/ADMIN/Desktop/QuanLyBanHangDHT/QLBQCPTest/bin/Debug/QLBQCPTest.DLL" adapterTypeName="Microsoft.VisualStudio.TestTools.TestTypes.Unit.UnitTestAdapter, Microsoft.VisualStudio.QualityTools.Tips.UnitTest.Adapter, Version=10.0.0.0, Culture=neutral, PublicKeyToken=b03f5f7f11d50a3a" className="QLBQCPTest.UnitTest1, QLBQCPTest, Version=1.0.0.0, Culture=neutral, PublicKeyToken=null" name="TestLoginKhongNhapUser" />
    </UnitTest>
    <UnitTest name="TestDangNhapThanhCong" storage="c:\users\admin\desktop\quanlybanhangdht\qlbqcptest\bin\debug\qlbqcptest.dll" id="fe39e730-c96a-2052-86b3-f4cf718b6c01">
      <Execution id="1eb49b4f-b168-46a9-bdcb-dcc3dabddb25" />
      <TestMethod codeBase="C:/Users/ADMIN/Desktop/QuanLyBanHangDHT/QLBQCPTest/bin/Debug/QLBQCPTest.DLL" adapterTypeName="Microsoft.VisualStudio.TestTools.TestTypes.Unit.UnitTestAdapter, Microsoft.VisualStudio.QualityTools.Tips.UnitTest.Adapter, Version=10.0.0.0, Culture=neutral, PublicKeyToken=b03f5f7f11d50a3a" className="QLBQCPTest.UnitTest1, QLBQCPTest, Version=1.0.0.0, Culture=neutral, PublicKeyToken=null" name="TestDangNhapThanhCong" />
    </UnitTest>
    <UnitTest name="ThemThanhCong" storage="c:\users\admin\desktop\quanlybanhangdht\qlbqcptest\bin\debug\qlbqcptest.dll" id="2a9ad84d-2473-c864-4e94-cf1e349bee8a">
      <Execution id="1f33cd86-4b6e-44d1-a71a-a936f2e0e7b8" />
      <TestMethod codeBase="C:/Users/ADMIN/Desktop/QuanLyBanHangDHT/QLBQCPTest/bin/Debug/QLBQCPTest.DLL" adapterTypeName="Microsoft.VisualStudio.TestTools.TestTypes.Unit.UnitTestAdapter, Microsoft.VisualStudio.QualityTools.Tips.UnitTest.Adapter, Version=10.0.0.0, Culture=neutral, PublicKeyToken=b03f5f7f11d50a3a" className="QLBQCPTest.UnitTest1, QLBQCPTest, Version=1.0.0.0, Culture=neutral, PublicKeyToken=null" name="ThemThanhCong" />
    </UnitTest>
  </TestDefinitions>
  <TestLists>
    <TestList name="Results Not in a List" id="8c84fa94-04c1-424b-9868-57a2d4851a1d" />
    <TestList name="All Loaded Results" id="19431567-8539-422a-85d7-44ee4e166bda" />
  </TestLists>
  <TestEntries>
    <TestEntry testId="08edbe4f-eebe-3317-b7df-3a53a33d6ca8" executionId="e5504d9f-3a1f-4f9e-9e54-ec6223aaa9d8" testListId="8c84fa94-04c1-424b-9868-57a2d4851a1d" />
    <TestEntry testId="2a9ad84d-2473-c864-4e94-cf1e349bee8a" executionId="1f33cd86-4b6e-44d1-a71a-a936f2e0e7b8" testListId="8c84fa94-04c1-424b-9868-57a2d4851a1d" />
    <TestEntry testId="657f9582-b7c8-bd82-7bee-f064b3bd4161" executionId="665fa060-cbaf-4554-8f55-5f62aff0d04e" testListId="8c84fa94-04c1-424b-9868-57a2d4851a1d" />
    <TestEntry testId="74d44576-8011-fbf1-2066-818783e29ee0" executionId="0a0f6f35-e349-4eb1-8ce9-9cbd1027e2cf" testListId="8c84fa94-04c1-424b-9868-57a2d4851a1d" />
    <TestEntry testId="e2f501f7-857d-805c-ee24-a5d2f5520d98" executionId="be6a9790-0a01-4298-a3f9-f91c8f442aa4" testListId="8c84fa94-04c1-424b-9868-57a2d4851a1d" />
    <TestEntry testId="fe39e730-c96a-2052-86b3-f4cf718b6c01" executionId="1eb49b4f-b168-46a9-bdcb-dcc3dabddb25" testListId="8c84fa94-04c1-424b-9868-57a2d4851a1d" />
  </TestEntries>
  <Results>
    <UnitTestResult executionId="e5504d9f-3a1f-4f9e-9e54-ec6223aaa9d8" testId="08edbe4f-eebe-3317-b7df-3a53a33d6ca8" testName="TestLoginKhongNhapPass" computerName="HONGTHY" duration="00:00:00.0321345" startTime="2019-04-02T12:36:06.9880241+07:00" endTime="2019-04-02T12:36:07.3667902+07:00" testType="13cdc9d9-ddb5-4fa4-a97d-d965ccfc6d4b" outcome="Passed" testListId="8c84fa94-04c1-424b-9868-57a2d4851a1d" relativeResultsDirectory="e5504d9f-3a1f-4f9e-9e54-ec6223aaa9d8">
    </UnitTestResult>
    <UnitTestResult executionId="1f33cd86-4b6e-44d1-a71a-a936f2e0e7b8" testId="2a9ad84d-2473-c864-4e94-cf1e349bee8a" testName="ThemThanhCong" computerName="HONGTHY" duration="00:00:00.0269311" startTime="2019-04-02T12:36:07.3757847+07:00" endTime="2019-04-02T12:36:07.4077644+07:00" testType="13cdc9d9-ddb5-4fa4-a97d-d965ccfc6d4b" outcome="Failed" testListId="8c84fa94-04c1-424b-9868-57a2d4851a1d" relativeResultsDirectory="1f33cd86-4b6e-44d1-a71a-a936f2e0e7b8">
      <Output>
        <ErrorInfo>
          <Message>Test method QLBQCPTest.UnitTest1.ThemThanhCong threw exception: 
System.Data.SqlClient.SqlException: String or binary data would be truncated.
The statement has been terminated.</Message>
          <StackTrace>    at System.Data.SqlClient.SqlConnection.OnError(SqlException exception, Boolean breakConnection, Action`1 wrapCloseInAction)
   at System.Data.SqlClient.SqlInternalConnection.OnError(SqlException exception, Boolean breakConnection, Action`1 wrapCloseInAction)
   at System.Data.SqlClient.TdsParser.ThrowExceptionAndWarning(TdsParserStateObject stateObj, Boolean callerHasConnectionLock, Boolean asyncClose)
   at System.Data.SqlClient.TdsParser.TryRun(RunBehavior runBehavior, SqlCommand cmdHandler, SqlDataReader dataStream, BulkCopySimpleResultSet bulkCopyHandler, TdsParserStateObject stateObj, Boolean&amp; dataReady)
   at System.Data.SqlClient.SqlCommand.RunExecuteNonQueryTds(String methodName, Boolean async, Int32 timeout, Boolean asyncWrite)
   at System.Data.SqlClient.SqlCommand.InternalExecuteNonQuery(TaskCompletionSource`1 completion, String methodName, Boolean sendToPipe, Int32 timeout, Boolean&amp; usedCache, Boolean asyncWrite, Boolean inRetry)
   at System.Data.SqlClient.SqlCommand.ExecuteNonQuery()
   at DAO.DataProvider.MyExecuteNonQuery(String sql) in C:\Users\ADMIN\Desktop\QuanLyBanHangDHT\DAO\DataProvider.cs:line 76
   at DAO.Products1DAO.Add(Products1 s) in C:\Users\ADMIN\Desktop\QuanLyBanHangDHT\DAO\Products1DAO.cs:line 48
   at QLBQCPTest.UnitTest1.ThemThanhCong() in C:\Users\ADMIN\Desktop\QuanLyBanHangDHT\QLBQCPTest\UnitTest1.cs:line 77
</StackTrace>
        </ErrorInfo>
      </Output>
    </UnitTestResult>
    <UnitTestResult executionId="665fa060-cbaf-4554-8f55-5f62aff0d04e" testId="657f9582-b7c8-bd82-7bee-f064b3bd4161" testName="LoginKhongNhapSaiThongTin" computerName="HONGTHY" startTime="2019-04-02T12:36:07.4227551+07:00" endTime="2019-04-02T12:36:07.4337479+07:00" testType="13cdc9d9-ddb5-4fa4-a97d-d965ccfc6d4b" testListId="8c84fa94-04c1-424b-9868-57a2d4851a1d" relativeResultsDirectory="665fa060-cbaf-4554-8f55-5f62aff0d04e">
      <Output>
        <ErrorInfo>
          <Message>Method QLBQCPTest.UnitTest1.LoginKhongNhapSaiThongTin does not exist.</Message>
        </ErrorInfo>
      </Output>
    </UnitTestResult>
    <UnitTestResult executionId="0a0f6f35-e349-4eb1-8ce9-9cbd1027e2cf" testId="74d44576-8011-fbf1-2066-818783e29ee0" testName="LoginKhongNhapThongTin" computerName="HONGTHY" duration="00:00:00.0119784" startTime="2019-04-02T12:36:07.4967102+07:00" endTime="2019-04-02T12:36:07.5216947+07:00" testType="13cdc9d9-ddb5-4fa4-a97d-d965ccfc6d4b" outcome="Passed" testListId="8c84fa94-04c1-424b-9868-57a2d4851a1d" relativeResultsDirectory="0a0f6f35-e349-4eb1-8ce9-9cbd1027e2cf">
    </UnitTestResult>
    <UnitTestResult executionId="be6a9790-0a01-4298-a3f9-f91c8f442aa4" testId="e2f501f7-857d-805c-ee24-a5d2f5520d98" testName="TestLoginKhongNhapUser" computerName="HONGTHY" duration="00:00:00.0015967" startTime="2019-04-02T12:36:07.5326883+07:00" endTime="2019-04-02T12:36:07.5406816+07:00" testType="13cdc9d9-ddb5-4fa4-a97d-d965ccfc6d4b" outcome="Passed" testListId="8c84fa94-04c1-424b-9868-57a2d4851a1d" relativeResultsDirectory="be6a9790-0a01-4298-a3f9-f91c8f442aa4">
    </UnitTestResult>
    <UnitTestResult executionId="1eb49b4f-b168-46a9-bdcb-dcc3dabddb25" testId="fe39e730-c96a-2052-86b3-f4cf718b6c01" testName="TestDangNhapThanhCong" computerName="HONGTHY" duration="00:00:00.0012521" startTime="2019-04-02T12:36:07.5466783+07:00" endTime="2019-04-02T12:36:07.5536783+07:00" testType="13cdc9d9-ddb5-4fa4-a97d-d965ccfc6d4b" outcome="Passed" testListId="8c84fa94-04c1-424b-9868-57a2d4851a1d" relativeResultsDirectory="1eb49b4f-b168-46a9-bdcb-dcc3dabddb25">
    </UnitTestResult>
  </Results>
</TestRun>