<?xml version="1.0" encoding="UTF-8"?>
<TestRun id="130dd48b-03e0-4384-ae4f-32b3347e1bf6" name="ADMIN@HONGTHY 2019-04-11 17:23:54" runUser="HONGTHY\ADMIN" xmlns="http://microsoft.com/schemas/VisualStudio/TeamTest/2010">
  <TestSettings name="Local" id="cc75e7d1-cc8f-4277-bdb4-190cc8087d18">
    <Description>These are default test settings for a local test run.</Description>
    <Deployment enabled="false" runDeploymentRoot="ADMIN_HONGTHY 2019-04-11 17_23_54">
      <DeploymentItem filename="C:\Users\ADMIN\Desktop\Quan-Ly-Ban-Hang\bin\Debug\DAO.dll" />
      <DeploymentItem filename="C:\Users\ADMIN\Desktop\Quan-Ly-Ban-Hang\bin\Debug\QuanLyBanHang.exe" />
      <DeploymentItem filename="C:\Users\ADMIN\Desktop\Quan-Ly-Ban-Hang\DTO\bin\Debug\DTO.dll" />
      <DeploymentItem filename="C:\Users\ADMIN\Desktop\Quan-Ly-Ban-Hang\bin\Debug\BUS.dll" />
    </Deployment>
    <Execution>
      <TestTypeSpecific />
      <AgentRule name="Execution Agents">
      </AgentRule>
    </Execution>
  </TestSettings>
  <Times creation="2019-04-11T17:23:54.4668535+07:00" queuing="2019-04-11T17:23:54.5038320+07:00" start="2019-04-11T17:23:54.5218192+07:00" finish="2019-04-11T17:23:55.3184267+07:00" />
  <ResultSummary outcome="Failed">
    <Counters total="21" executed="21" passed="12" error="0" failed="9" timeout="0" aborted="0" inconclusive="0" passedButRunAborted="0" notRunnable="0" notExecuted="0" disconnected="0" warning="0" completed="0" inProgress="0" pending="0" />
  </ResultSummary>
  <TestDefinitions>
    <UnitTest name="XoaThanhCong" storage="c:\users\admin\desktop\quan-ly-ban-hang\qlbqcptest\bin\debug\qlbqcptest.dll" id="6f39459c-2e5f-8b66-ae2f-8b7f8c81fa38">
      <Execution id="1c84ffed-6690-4da6-826a-a34b92fab163" />
      <TestMethod codeBase="C:/Users/ADMIN/Desktop/Quan-Ly-Ban-Hang/QLBQCPTest/bin/Debug/QLBQCPTest.DLL" adapterTypeName="Microsoft.VisualStudio.TestTools.TestTypes.Unit.UnitTestAdapter, Microsoft.VisualStudio.QualityTools.Tips.UnitTest.Adapter, Version=10.0.0.0, Culture=neutral, PublicKeyToken=b03f5f7f11d50a3a" className="QLBQCPTest.UnitTest1, QLBQCPTest, Version=1.0.0.0, Culture=neutral, PublicKeyToken=null" name="XoaThanhCong" />
    </UnitTest>
    <UnitTest name="TestDangNhapThanhCong" storage="c:\users\admin\desktop\quan-ly-ban-hang\qlbqcptest\bin\debug\qlbqcptest.dll" id="fe39e730-c96a-2052-86b3-f4cf718b6c01">
      <Execution id="919d9e20-ef86-4b0a-8594-5b51fb6a42f5" />
      <TestMethod codeBase="C:/Users/ADMIN/Desktop/Quan-Ly-Ban-Hang/QLBQCPTest/bin/Debug/QLBQCPTest.DLL" adapterTypeName="Microsoft.VisualStudio.TestTools.TestTypes.Unit.UnitTestAdapter, Microsoft.VisualStudio.QualityTools.Tips.UnitTest.Adapter, Version=10.0.0.0, Culture=neutral, PublicKeyToken=b03f5f7f11d50a3a" className="QLBQCPTest.UnitTest1, QLBQCPTest, Version=1.0.0.0, Culture=neutral, PublicKeyToken=null" name="TestDangNhapThanhCong" />
    </UnitTest>
    <UnitTest name="LoginKhongNhapThongTin" storage="c:\users\admin\desktop\quan-ly-ban-hang\qlbqcptest\bin\debug\qlbqcptest.dll" id="74d44576-8011-fbf1-2066-818783e29ee0">
      <Execution id="332280ee-b12d-46db-a8bc-d0e354c5d1a8" />
      <TestMethod codeBase="C:/Users/ADMIN/Desktop/Quan-Ly-Ban-Hang/QLBQCPTest/bin/Debug/QLBQCPTest.DLL" adapterTypeName="Microsoft.VisualStudio.TestTools.TestTypes.Unit.UnitTestAdapter, Microsoft.VisualStudio.QualityTools.Tips.UnitTest.Adapter, Version=10.0.0.0, Culture=neutral, PublicKeyToken=b03f5f7f11d50a3a" className="QLBQCPTest.UnitTest1, QLBQCPTest, Version=1.0.0.0, Culture=neutral, PublicKeyToken=null" name="LoginKhongNhapThongTin" />
    </UnitTest>
    <UnitTest name="LoginNhapSaiThongTin" storage="c:\users\admin\desktop\quan-ly-ban-hang\qlbqcptest\bin\debug\qlbqcptest.dll" id="961753ab-6838-0ed2-18d8-203f1d61dad3">
      <Execution id="156688a6-4604-4afa-ad47-f75ad23080b7" />
      <TestMethod codeBase="C:/Users/ADMIN/Desktop/Quan-Ly-Ban-Hang/QLBQCPTest/bin/Debug/QLBQCPTest.DLL" adapterTypeName="Microsoft.VisualStudio.TestTools.TestTypes.Unit.UnitTestAdapter, Microsoft.VisualStudio.QualityTools.Tips.UnitTest.Adapter, Version=10.0.0.0, Culture=neutral, PublicKeyToken=b03f5f7f11d50a3a" className="QLBQCPTest.UnitTest1, QLBQCPTest, Version=1.0.0.0, Culture=neutral, PublicKeyToken=null" name="LoginNhapSaiThongTin" />
    </UnitTest>
    <UnitTest name="TestLoginKhongNhapUser" storage="c:\users\admin\desktop\quan-ly-ban-hang\qlbqcptest\bin\debug\qlbqcptest.dll" id="e2f501f7-857d-805c-ee24-a5d2f5520d98">
      <Execution id="55489cfb-005b-4628-9b7f-5d1ee0c0e601" />
      <TestMethod codeBase="C:/Users/ADMIN/Desktop/Quan-Ly-Ban-Hang/QLBQCPTest/bin/Debug/QLBQCPTest.DLL" adapterTypeName="Microsoft.VisualStudio.TestTools.TestTypes.Unit.UnitTestAdapter, Microsoft.VisualStudio.QualityTools.Tips.UnitTest.Adapter, Version=10.0.0.0, Culture=neutral, PublicKeyToken=b03f5f7f11d50a3a" className="QLBQCPTest.UnitTest1, QLBQCPTest, Version=1.0.0.0, Culture=neutral, PublicKeyToken=null" name="TestLoginKhongNhapUser" />
    </UnitTest>
    <UnitTest name="SuaDonViTinhSP" storage="c:\users\admin\desktop\quan-ly-ban-hang\qlbqcptest\bin\debug\qlbqcptest.dll" id="e480ebaf-11e3-9379-8d39-93e35fd33101">
      <Execution id="4e7ea655-bc11-471f-a274-1b850ae357b7" />
      <TestMethod codeBase="C:/Users/ADMIN/Desktop/Quan-Ly-Ban-Hang/QLBQCPTest/bin/Debug/QLBQCPTest.DLL" adapterTypeName="Microsoft.VisualStudio.TestTools.TestTypes.Unit.UnitTestAdapter, Microsoft.VisualStudio.QualityTools.Tips.UnitTest.Adapter, Version=10.0.0.0, Culture=neutral, PublicKeyToken=b03f5f7f11d50a3a" className="QLBQCPTest.UnitTest1, QLBQCPTest, Version=1.0.0.0, Culture=neutral, PublicKeyToken=null" name="SuaDonViTinhSP" />
    </UnitTest>
    <UnitTest name="ThemChiNhapMaLoaiSP" storage="c:\users\admin\desktop\quan-ly-ban-hang\qlbqcptest\bin\debug\qlbqcptest.dll" id="ce23eb2e-33d4-108e-904b-60e843105042">
      <Execution id="b3a30770-45a8-4284-8eb4-df9db3c161a9" />
      <TestMethod codeBase="C:/Users/ADMIN/Desktop/Quan-Ly-Ban-Hang/QLBQCPTest/bin/Debug/QLBQCPTest.DLL" adapterTypeName="Microsoft.VisualStudio.TestTools.TestTypes.Unit.UnitTestAdapter, Microsoft.VisualStudio.QualityTools.Tips.UnitTest.Adapter, Version=10.0.0.0, Culture=neutral, PublicKeyToken=b03f5f7f11d50a3a" className="QLBQCPTest.UnitTest1, QLBQCPTest, Version=1.0.0.0, Culture=neutral, PublicKeyToken=null" name="ThemChiNhapMaLoaiSP" />
    </UnitTest>
    <UnitTest name="SuaDonGiaSP" storage="c:\users\admin\desktop\quan-ly-ban-hang\qlbqcptest\bin\debug\qlbqcptest.dll" id="ce5bb150-c83c-7504-a750-cb65f1852af9">
      <Execution id="a3be4b7d-903f-4286-8412-a00aa06437b6" />
      <TestMethod codeBase="C:/Users/ADMIN/Desktop/Quan-Ly-Ban-Hang/QLBQCPTest/bin/Debug/QLBQCPTest.DLL" adapterTypeName="Microsoft.VisualStudio.TestTools.TestTypes.Unit.UnitTestAdapter, Microsoft.VisualStudio.QualityTools.Tips.UnitTest.Adapter, Version=10.0.0.0, Culture=neutral, PublicKeyToken=b03f5f7f11d50a3a" className="QLBQCPTest.UnitTest1, QLBQCPTest, Version=1.0.0.0, Culture=neutral, PublicKeyToken=null" name="SuaDonGiaSP" />
    </UnitTest>
    <UnitTest name="XoaKhongNhapMaSP" storage="c:\users\admin\desktop\quan-ly-ban-hang\qlbqcptest\bin\debug\qlbqcptest.dll" id="858f2916-5162-dc05-70a1-5066a0cccd76">
      <Execution id="fc103fd0-35fb-4bb9-9cf2-a6526722df53" />
      <TestMethod codeBase="C:/Users/ADMIN/Desktop/Quan-Ly-Ban-Hang/QLBQCPTest/bin/Debug/QLBQCPTest.DLL" adapterTypeName="Microsoft.VisualStudio.TestTools.TestTypes.Unit.UnitTestAdapter, Microsoft.VisualStudio.QualityTools.Tips.UnitTest.Adapter, Version=10.0.0.0, Culture=neutral, PublicKeyToken=b03f5f7f11d50a3a" className="QLBQCPTest.UnitTest1, QLBQCPTest, Version=1.0.0.0, Culture=neutral, PublicKeyToken=null" name="XoaKhongNhapMaSP" />
    </UnitTest>
    <UnitTest name="ThemChiNhapMaSP" storage="c:\users\admin\desktop\quan-ly-ban-hang\qlbqcptest\bin\debug\qlbqcptest.dll" id="bdc35583-7428-0979-c2a7-5a2439146503">
      <Execution id="23d0c80c-38c2-4350-ba8d-c2ea4734689a" />
      <TestMethod codeBase="C:/Users/ADMIN/Desktop/Quan-Ly-Ban-Hang/QLBQCPTest/bin/Debug/QLBQCPTest.DLL" adapterTypeName="Microsoft.VisualStudio.TestTools.TestTypes.Unit.UnitTestAdapter, Microsoft.VisualStudio.QualityTools.Tips.UnitTest.Adapter, Version=10.0.0.0, Culture=neutral, PublicKeyToken=b03f5f7f11d50a3a" className="QLBQCPTest.UnitTest1, QLBQCPTest, Version=1.0.0.0, Culture=neutral, PublicKeyToken=null" name="ThemChiNhapMaSP" />
    </UnitTest>
    <UnitTest name="SuaTenSP" storage="c:\users\admin\desktop\quan-ly-ban-hang\qlbqcptest\bin\debug\qlbqcptest.dll" id="6bea3044-66f3-be96-00d5-acf9da500c44">
      <Execution id="4cd9785a-8534-41ae-a853-cf4d8a96d068" />
      <TestMethod codeBase="C:/Users/ADMIN/Desktop/Quan-Ly-Ban-Hang/QLBQCPTest/bin/Debug/QLBQCPTest.DLL" adapterTypeName="Microsoft.VisualStudio.TestTools.TestTypes.Unit.UnitTestAdapter, Microsoft.VisualStudio.QualityTools.Tips.UnitTest.Adapter, Version=10.0.0.0, Culture=neutral, PublicKeyToken=b03f5f7f11d50a3a" className="QLBQCPTest.UnitTest1, QLBQCPTest, Version=1.0.0.0, Culture=neutral, PublicKeyToken=null" name="SuaTenSP" />
    </UnitTest>
    <UnitTest name="ThemNhapMaSPQuaSoKyTu" storage="c:\users\admin\desktop\quan-ly-ban-hang\qlbqcptest\bin\debug\qlbqcptest.dll" id="fe141cf2-4a77-ee17-5428-a9fb734a965a">
      <Execution id="64dbb54f-2524-4328-98cb-0f84f198e921" />
      <TestMethod codeBase="C:/Users/ADMIN/Desktop/Quan-Ly-Ban-Hang/QLBQCPTest/bin/Debug/QLBQCPTest.DLL" adapterTypeName="Microsoft.VisualStudio.TestTools.TestTypes.Unit.UnitTestAdapter, Microsoft.VisualStudio.QualityTools.Tips.UnitTest.Adapter, Version=10.0.0.0, Culture=neutral, PublicKeyToken=b03f5f7f11d50a3a" className="QLBQCPTest.UnitTest1, QLBQCPTest, Version=1.0.0.0, Culture=neutral, PublicKeyToken=null" name="ThemNhapMaSPQuaSoKyTu" />
    </UnitTest>
    <UnitTest name="SuaMaLoaiSP" storage="c:\users\admin\desktop\quan-ly-ban-hang\qlbqcptest\bin\debug\qlbqcptest.dll" id="f9856354-8f7a-8144-1a2d-da989471d9f1">
      <Execution id="1a4ae985-c3b8-4aa9-8778-8a73671fbb40" />
      <TestMethod codeBase="C:/Users/ADMIN/Desktop/Quan-Ly-Ban-Hang/QLBQCPTest/bin/Debug/QLBQCPTest.DLL" adapterTypeName="Microsoft.VisualStudio.TestTools.TestTypes.Unit.UnitTestAdapter, Microsoft.VisualStudio.QualityTools.Tips.UnitTest.Adapter, Version=10.0.0.0, Culture=neutral, PublicKeyToken=b03f5f7f11d50a3a" className="QLBQCPTest.UnitTest1, QLBQCPTest, Version=1.0.0.0, Culture=neutral, PublicKeyToken=null" name="SuaMaLoaiSP" />
    </UnitTest>
    <UnitTest name="ThemThanhCong" storage="c:\users\admin\desktop\quan-ly-ban-hang\qlbqcptest\bin\debug\qlbqcptest.dll" id="2a9ad84d-2473-c864-4e94-cf1e349bee8a">
      <Execution id="d08aef0d-eac7-4c19-9e02-afb0383defa1" />
      <TestMethod codeBase="C:/Users/ADMIN/Desktop/Quan-Ly-Ban-Hang/QLBQCPTest/bin/Debug/QLBQCPTest.DLL" adapterTypeName="Microsoft.VisualStudio.TestTools.TestTypes.Unit.UnitTestAdapter, Microsoft.VisualStudio.QualityTools.Tips.UnitTest.Adapter, Version=10.0.0.0, Culture=neutral, PublicKeyToken=b03f5f7f11d50a3a" className="QLBQCPTest.UnitTest1, QLBQCPTest, Version=1.0.0.0, Culture=neutral, PublicKeyToken=null" name="ThemThanhCong" />
    </UnitTest>
    <UnitTest name="SuaKhongNhapMaSP" storage="c:\users\admin\desktop\quan-ly-ban-hang\qlbqcptest\bin\debug\qlbqcptest.dll" id="4b2c07db-3e5c-145c-d970-3bc34904d177">
      <Execution id="1ba58654-fde9-4e17-8364-eca529e6ee71" />
      <TestMethod codeBase="C:/Users/ADMIN/Desktop/Quan-Ly-Ban-Hang/QLBQCPTest/bin/Debug/QLBQCPTest.DLL" adapterTypeName="Microsoft.VisualStudio.TestTools.TestTypes.Unit.UnitTestAdapter, Microsoft.VisualStudio.QualityTools.Tips.UnitTest.Adapter, Version=10.0.0.0, Culture=neutral, PublicKeyToken=b03f5f7f11d50a3a" className="QLBQCPTest.UnitTest1, QLBQCPTest, Version=1.0.0.0, Culture=neutral, PublicKeyToken=null" name="SuaKhongNhapMaSP" />
    </UnitTest>
    <UnitTest name="SuaMaSP" storage="c:\users\admin\desktop\quan-ly-ban-hang\qlbqcptest\bin\debug\qlbqcptest.dll" id="d504082d-d82e-aded-d6bf-87b2ae561b54">
      <Execution id="d28bbc0c-c8ef-485c-97d6-45040fc84d90" />
      <TestMethod codeBase="C:/Users/ADMIN/Desktop/Quan-Ly-Ban-Hang/QLBQCPTest/bin/Debug/QLBQCPTest.DLL" adapterTypeName="Microsoft.VisualStudio.TestTools.TestTypes.Unit.UnitTestAdapter, Microsoft.VisualStudio.QualityTools.Tips.UnitTest.Adapter, Version=10.0.0.0, Culture=neutral, PublicKeyToken=b03f5f7f11d50a3a" className="QLBQCPTest.UnitTest1, QLBQCPTest, Version=1.0.0.0, Culture=neutral, PublicKeyToken=null" name="SuaMaSP" />
    </UnitTest>
    <UnitTest name="XoaSaiMa" storage="c:\users\admin\desktop\quan-ly-ban-hang\qlbqcptest\bin\debug\qlbqcptest.dll" id="7704c972-6301-f770-0c13-3123ea18fa29">
      <Execution id="4a9e1973-641e-478f-ac5d-d0b6bc9e329a" />
      <TestMethod codeBase="C:/Users/ADMIN/Desktop/Quan-Ly-Ban-Hang/QLBQCPTest/bin/Debug/QLBQCPTest.DLL" adapterTypeName="Microsoft.VisualStudio.TestTools.TestTypes.Unit.UnitTestAdapter, Microsoft.VisualStudio.QualityTools.Tips.UnitTest.Adapter, Version=10.0.0.0, Culture=neutral, PublicKeyToken=b03f5f7f11d50a3a" className="QLBQCPTest.UnitTest1, QLBQCPTest, Version=1.0.0.0, Culture=neutral, PublicKeyToken=null" name="XoaSaiMa" />
    </UnitTest>
    <UnitTest name="ThemChiNhapDonGia" storage="c:\users\admin\desktop\quan-ly-ban-hang\qlbqcptest\bin\debug\qlbqcptest.dll" id="f4d40c7d-421e-7813-06f6-e9ffb920da08">
      <Execution id="e88d79dd-710c-4c4f-bce4-de80dbc15842" />
      <TestMethod codeBase="C:/Users/ADMIN/Desktop/Quan-Ly-Ban-Hang/QLBQCPTest/bin/Debug/QLBQCPTest.DLL" adapterTypeName="Microsoft.VisualStudio.TestTools.TestTypes.Unit.UnitTestAdapter, Microsoft.VisualStudio.QualityTools.Tips.UnitTest.Adapter, Version=10.0.0.0, Culture=neutral, PublicKeyToken=b03f5f7f11d50a3a" className="QLBQCPTest.UnitTest1, QLBQCPTest, Version=1.0.0.0, Culture=neutral, PublicKeyToken=null" name="ThemChiNhapDonGia" />
    </UnitTest>
    <UnitTest name="ThemChiNhapDonViTinh" storage="c:\users\admin\desktop\quan-ly-ban-hang\qlbqcptest\bin\debug\qlbqcptest.dll" id="f0af479e-513b-fc36-fc5a-213667aca4d2">
      <Execution id="95b841e6-bd4c-4d2c-b840-bbc2400e775b" />
      <TestMethod codeBase="C:/Users/ADMIN/Desktop/Quan-Ly-Ban-Hang/QLBQCPTest/bin/Debug/QLBQCPTest.DLL" adapterTypeName="Microsoft.VisualStudio.TestTools.TestTypes.Unit.UnitTestAdapter, Microsoft.VisualStudio.QualityTools.Tips.UnitTest.Adapter, Version=10.0.0.0, Culture=neutral, PublicKeyToken=b03f5f7f11d50a3a" className="QLBQCPTest.UnitTest1, QLBQCPTest, Version=1.0.0.0, Culture=neutral, PublicKeyToken=null" name="ThemChiNhapDonViTinh" />
    </UnitTest>
    <UnitTest name="TestLoginKhongNhapPass" storage="c:\users\admin\desktop\quan-ly-ban-hang\qlbqcptest\bin\debug\qlbqcptest.dll" id="08edbe4f-eebe-3317-b7df-3a53a33d6ca8">
      <Execution id="347686cf-07a8-4e0f-ab48-546cc2b4c25e" />
      <TestMethod codeBase="C:/Users/ADMIN/Desktop/Quan-Ly-Ban-Hang/QLBQCPTest/bin/Debug/QLBQCPTest.DLL" adapterTypeName="Microsoft.VisualStudio.TestTools.TestTypes.Unit.UnitTestAdapter, Microsoft.VisualStudio.QualityTools.Tips.UnitTest.Adapter, Version=10.0.0.0, Culture=neutral, PublicKeyToken=b03f5f7f11d50a3a" className="QLBQCPTest.UnitTest1, QLBQCPTest, Version=1.0.0.0, Culture=neutral, PublicKeyToken=null" name="TestLoginKhongNhapPass" />
    </UnitTest>
    <UnitTest name="ThemChiNhapTenSP" storage="c:\users\admin\desktop\quan-ly-ban-hang\qlbqcptest\bin\debug\qlbqcptest.dll" id="f97b5934-498a-804c-ab0f-b5d79a50c447">
      <Execution id="8c6962b6-3d32-4545-9ab4-ce953b4da940" />
      <TestMethod codeBase="C:/Users/ADMIN/Desktop/Quan-Ly-Ban-Hang/QLBQCPTest/bin/Debug/QLBQCPTest.DLL" adapterTypeName="Microsoft.VisualStudio.TestTools.TestTypes.Unit.UnitTestAdapter, Microsoft.VisualStudio.QualityTools.Tips.UnitTest.Adapter, Version=10.0.0.0, Culture=neutral, PublicKeyToken=b03f5f7f11d50a3a" className="QLBQCPTest.UnitTest1, QLBQCPTest, Version=1.0.0.0, Culture=neutral, PublicKeyToken=null" name="ThemChiNhapTenSP" />
    </UnitTest>
  </TestDefinitions>
  <TestLists>
    <TestList name="Results Not in a List" id="8c84fa94-04c1-424b-9868-57a2d4851a1d" />
    <TestList name="All Loaded Results" id="19431567-8539-422a-85d7-44ee4e166bda" />
  </TestLists>
  <TestEntries>
    <TestEntry testId="08edbe4f-eebe-3317-b7df-3a53a33d6ca8" executionId="347686cf-07a8-4e0f-ab48-546cc2b4c25e" testListId="8c84fa94-04c1-424b-9868-57a2d4851a1d" />
    <TestEntry testId="2a9ad84d-2473-c864-4e94-cf1e349bee8a" executionId="d08aef0d-eac7-4c19-9e02-afb0383defa1" testListId="8c84fa94-04c1-424b-9868-57a2d4851a1d" />
    <TestEntry testId="4b2c07db-3e5c-145c-d970-3bc34904d177" executionId="1ba58654-fde9-4e17-8364-eca529e6ee71" testListId="8c84fa94-04c1-424b-9868-57a2d4851a1d" />
    <TestEntry testId="6bea3044-66f3-be96-00d5-acf9da500c44" executionId="4cd9785a-8534-41ae-a853-cf4d8a96d068" testListId="8c84fa94-04c1-424b-9868-57a2d4851a1d" />
    <TestEntry testId="6f39459c-2e5f-8b66-ae2f-8b7f8c81fa38" executionId="1c84ffed-6690-4da6-826a-a34b92fab163" testListId="8c84fa94-04c1-424b-9868-57a2d4851a1d" />
    <TestEntry testId="74d44576-8011-fbf1-2066-818783e29ee0" executionId="332280ee-b12d-46db-a8bc-d0e354c5d1a8" testListId="8c84fa94-04c1-424b-9868-57a2d4851a1d" />
    <TestEntry testId="7704c972-6301-f770-0c13-3123ea18fa29" executionId="4a9e1973-641e-478f-ac5d-d0b6bc9e329a" testListId="8c84fa94-04c1-424b-9868-57a2d4851a1d" />
    <TestEntry testId="858f2916-5162-dc05-70a1-5066a0cccd76" executionId="fc103fd0-35fb-4bb9-9cf2-a6526722df53" testListId="8c84fa94-04c1-424b-9868-57a2d4851a1d" />
    <TestEntry testId="961753ab-6838-0ed2-18d8-203f1d61dad3" executionId="156688a6-4604-4afa-ad47-f75ad23080b7" testListId="8c84fa94-04c1-424b-9868-57a2d4851a1d" />
    <TestEntry testId="bdc35583-7428-0979-c2a7-5a2439146503" executionId="23d0c80c-38c2-4350-ba8d-c2ea4734689a" testListId="8c84fa94-04c1-424b-9868-57a2d4851a1d" />
    <TestEntry testId="ce23eb2e-33d4-108e-904b-60e843105042" executionId="b3a30770-45a8-4284-8eb4-df9db3c161a9" testListId="8c84fa94-04c1-424b-9868-57a2d4851a1d" />
    <TestEntry testId="ce5bb150-c83c-7504-a750-cb65f1852af9" executionId="a3be4b7d-903f-4286-8412-a00aa06437b6" testListId="8c84fa94-04c1-424b-9868-57a2d4851a1d" />
    <TestEntry testId="d504082d-d82e-aded-d6bf-87b2ae561b54" executionId="d28bbc0c-c8ef-485c-97d6-45040fc84d90" testListId="8c84fa94-04c1-424b-9868-57a2d4851a1d" />
    <TestEntry testId="e2f501f7-857d-805c-ee24-a5d2f5520d98" executionId="55489cfb-005b-4628-9b7f-5d1ee0c0e601" testListId="8c84fa94-04c1-424b-9868-57a2d4851a1d" />
    <TestEntry testId="e480ebaf-11e3-9379-8d39-93e35fd33101" executionId="4e7ea655-bc11-471f-a274-1b850ae357b7" testListId="8c84fa94-04c1-424b-9868-57a2d4851a1d" />
    <TestEntry testId="f0af479e-513b-fc36-fc5a-213667aca4d2" executionId="95b841e6-bd4c-4d2c-b840-bbc2400e775b" testListId="8c84fa94-04c1-424b-9868-57a2d4851a1d" />
    <TestEntry testId="f4d40c7d-421e-7813-06f6-e9ffb920da08" executionId="e88d79dd-710c-4c4f-bce4-de80dbc15842" testListId="8c84fa94-04c1-424b-9868-57a2d4851a1d" />
    <TestEntry testId="f97b5934-498a-804c-ab0f-b5d79a50c447" executionId="8c6962b6-3d32-4545-9ab4-ce953b4da940" testListId="8c84fa94-04c1-424b-9868-57a2d4851a1d" />
    <TestEntry testId="f9856354-8f7a-8144-1a2d-da989471d9f1" executionId="1a4ae985-c3b8-4aa9-8778-8a73671fbb40" testListId="8c84fa94-04c1-424b-9868-57a2d4851a1d" />
    <TestEntry testId="fe141cf2-4a77-ee17-5428-a9fb734a965a" executionId="64dbb54f-2524-4328-98cb-0f84f198e921" testListId="8c84fa94-04c1-424b-9868-57a2d4851a1d" />
    <TestEntry testId="fe39e730-c96a-2052-86b3-f4cf718b6c01" executionId="919d9e20-ef86-4b0a-8594-5b51fb6a42f5" testListId="8c84fa94-04c1-424b-9868-57a2d4851a1d" />
  </TestEntries>
  <Results>
    <UnitTestResult executionId="347686cf-07a8-4e0f-ab48-546cc2b4c25e" testId="08edbe4f-eebe-3317-b7df-3a53a33d6ca8" testName="TestLoginKhongNhapPass" computerName="HONGTHY" duration="00:00:00.0314632" startTime="2019-04-11T17:23:54.5308141+07:00" endTime="2019-04-11T17:23:54.9315678+07:00" testType="13cdc9d9-ddb5-4fa4-a97d-d965ccfc6d4b" outcome="Passed" testListId="8c84fa94-04c1-424b-9868-57a2d4851a1d" relativeResultsDirectory="347686cf-07a8-4e0f-ab48-546cc2b4c25e">
    </UnitTestResult>
    <UnitTestResult executionId="d08aef0d-eac7-4c19-9e02-afb0383defa1" testId="2a9ad84d-2473-c864-4e94-cf1e349bee8a" testName="ThemThanhCong" computerName="HONGTHY" duration="00:00:00.0210076" startTime="2019-04-11T17:23:54.9385630+07:00" endTime="2019-04-11T17:23:54.9645470+07:00" testType="13cdc9d9-ddb5-4fa4-a97d-d965ccfc6d4b" outcome="Failed" testListId="8c84fa94-04c1-424b-9868-57a2d4851a1d" relativeResultsDirectory="d08aef0d-eac7-4c19-9e02-afb0383defa1">
      <Output>
        <ErrorInfo>
          <Message>Test method QLBQCPTest.UnitTest1.ThemThanhCong threw exception: 
System.Data.SqlClient.SqlException: Violation of PRIMARY KEY constraint 'PK_SanPham'. Cannot insert duplicate key in object 'dbo.SanPham'.
The statement has been terminated.</Message>
          <StackTrace>    at System.Data.SqlClient.SqlConnection.OnError(SqlException exception, Boolean breakConnection, Action`1 wrapCloseInAction)
   at System.Data.SqlClient.SqlInternalConnection.OnError(SqlException exception, Boolean breakConnection, Action`1 wrapCloseInAction)
   at System.Data.SqlClient.TdsParser.ThrowExceptionAndWarning(TdsParserStateObject stateObj, Boolean callerHasConnectionLock, Boolean asyncClose)
   at System.Data.SqlClient.TdsParser.TryRun(RunBehavior runBehavior, SqlCommand cmdHandler, SqlDataReader dataStream, BulkCopySimpleResultSet bulkCopyHandler, TdsParserStateObject stateObj, Boolean&amp; dataReady)
   at System.Data.SqlClient.SqlCommand.RunExecuteNonQueryTds(String methodName, Boolean async, Int32 timeout, Boolean asyncWrite)
   at System.Data.SqlClient.SqlCommand.InternalExecuteNonQuery(TaskCompletionSource`1 completion, String methodName, Boolean sendToPipe, Int32 timeout, Boolean&amp; usedCache, Boolean asyncWrite, Boolean inRetry)
   at System.Data.SqlClient.SqlCommand.ExecuteNonQuery()
   at DAO.DataProvider.MyExecuteNonQuery(String sql) in C:\Users\ADMIN\Desktop\Quan-Ly-Ban-Hang\DAO\DataProvider.cs:line 77
   at DAO.Products1DAO.Add(Products1 s) in C:\Users\ADMIN\Desktop\Quan-Ly-Ban-Hang\DAO\Products1DAO.cs:line 48
   at QLBQCPTest.UnitTest1.ThemThanhCong() in C:\Users\ADMIN\Desktop\Quan-Ly-Ban-Hang\QLBQCPTest\UnitTest1.cs:line 79
</StackTrace>
        </ErrorInfo>
      </Output>
    </UnitTestResult>
    <UnitTestResult executionId="1ba58654-fde9-4e17-8364-eca529e6ee71" testId="4b2c07db-3e5c-145c-d970-3bc34904d177" testName="SuaKhongNhapMaSP" computerName="HONGTHY" duration="00:00:00.0062828" startTime="2019-04-11T17:23:54.9715423+07:00" endTime="2019-04-11T17:23:54.9835362+07:00" testType="13cdc9d9-ddb5-4fa4-a97d-d965ccfc6d4b" outcome="Passed" testListId="8c84fa94-04c1-424b-9868-57a2d4851a1d" relativeResultsDirectory="1ba58654-fde9-4e17-8364-eca529e6ee71">
    </UnitTestResult>
    <UnitTestResult executionId="4cd9785a-8534-41ae-a853-cf4d8a96d068" testId="6bea3044-66f3-be96-00d5-acf9da500c44" testName="SuaTenSP" computerName="HONGTHY" duration="00:00:00.0016262" startTime="2019-04-11T17:23:54.9905315+07:00" endTime="2019-04-11T17:23:54.9965265+07:00" testType="13cdc9d9-ddb5-4fa4-a97d-d965ccfc6d4b" outcome="Passed" testListId="8c84fa94-04c1-424b-9868-57a2d4851a1d" relativeResultsDirectory="4cd9785a-8534-41ae-a853-cf4d8a96d068">
    </UnitTestResult>
    <UnitTestResult executionId="1c84ffed-6690-4da6-826a-a34b92fab163" testId="6f39459c-2e5f-8b66-ae2f-8b7f8c81fa38" testName="XoaThanhCong" computerName="HONGTHY" duration="00:00:00.0036656" startTime="2019-04-11T17:23:55.0015238+07:00" endTime="2019-04-11T17:23:55.0095185+07:00" testType="13cdc9d9-ddb5-4fa4-a97d-d965ccfc6d4b" outcome="Failed" testListId="8c84fa94-04c1-424b-9868-57a2d4851a1d" relativeResultsDirectory="1c84ffed-6690-4da6-826a-a34b92fab163">
      <Output>
        <ErrorInfo>
          <Message>Assert.AreEqual failed. Expected:&lt;1&gt;. Actual:&lt;-1&gt;. </Message>
          <StackTrace>   at QLBQCPTest.UnitTest1.XoaThanhCong() in C:\Users\ADMIN\Desktop\Quan-Ly-Ban-Hang\QLBQCPTest\UnitTest1.cs:line 160
</StackTrace>
        </ErrorInfo>
      </Output>
    </UnitTestResult>
    <UnitTestResult executionId="332280ee-b12d-46db-a8bc-d0e354c5d1a8" testId="74d44576-8011-fbf1-2066-818783e29ee0" testName="LoginKhongNhapThongTin" computerName="HONGTHY" duration="00:00:00.0012110" startTime="2019-04-11T17:23:55.0165159+07:00" endTime="2019-04-11T17:23:55.0215111+07:00" testType="13cdc9d9-ddb5-4fa4-a97d-d965ccfc6d4b" outcome="Passed" testListId="8c84fa94-04c1-424b-9868-57a2d4851a1d" relativeResultsDirectory="332280ee-b12d-46db-a8bc-d0e354c5d1a8">
    </UnitTestResult>
    <UnitTestResult executionId="4a9e1973-641e-478f-ac5d-d0b6bc9e329a" testId="7704c972-6301-f770-0c13-3123ea18fa29" testName="XoaSaiMa" computerName="HONGTHY" duration="00:00:00.0011683" startTime="2019-04-11T17:23:55.0275083+07:00" endTime="2019-04-11T17:23:55.0325043+07:00" testType="13cdc9d9-ddb5-4fa4-a97d-d965ccfc6d4b" outcome="Passed" testListId="8c84fa94-04c1-424b-9868-57a2d4851a1d" relativeResultsDirectory="4a9e1973-641e-478f-ac5d-d0b6bc9e329a">
    </UnitTestResult>
    <UnitTestResult executionId="fc103fd0-35fb-4bb9-9cf2-a6526722df53" testId="858f2916-5162-dc05-70a1-5066a0cccd76" testName="XoaKhongNhapMaSP" computerName="HONGTHY" duration="00:00:00.0013350" startTime="2019-04-11T17:23:55.0805723+07:00" endTime="2019-04-11T17:23:55.0885716+07:00" testType="13cdc9d9-ddb5-4fa4-a97d-d965ccfc6d4b" outcome="Passed" testListId="8c84fa94-04c1-424b-9868-57a2d4851a1d" relativeResultsDirectory="fc103fd0-35fb-4bb9-9cf2-a6526722df53">
    </UnitTestResult>
    <UnitTestResult executionId="156688a6-4604-4afa-ad47-f75ad23080b7" testId="961753ab-6838-0ed2-18d8-203f1d61dad3" testName="LoginNhapSaiThongTin" computerName="HONGTHY" duration="00:00:00.0030828" startTime="2019-04-11T17:23:55.0995606+07:00" endTime="2019-04-11T17:23:55.1065559+07:00" testType="13cdc9d9-ddb5-4fa4-a97d-d965ccfc6d4b" outcome="Failed" testListId="8c84fa94-04c1-424b-9868-57a2d4851a1d" relativeResultsDirectory="156688a6-4604-4afa-ad47-f75ad23080b7">
      <Output>
        <ErrorInfo>
          <Message>Assert.IsFalse failed. </Message>
          <StackTrace>   at QLBQCPTest.UnitTest1.LoginNhapSaiThongTin() in C:\Users\ADMIN\Desktop\Quan-Ly-Ban-Hang\QLBQCPTest\UnitTest1.cs:line 68
</StackTrace>
        </ErrorInfo>
      </Output>
    </UnitTestResult>
    <UnitTestResult executionId="23d0c80c-38c2-4350-ba8d-c2ea4734689a" testId="bdc35583-7428-0979-c2a7-5a2439146503" testName="ThemChiNhapMaSP" computerName="HONGTHY" duration="00:00:00.0022438" startTime="2019-04-11T17:23:55.1135593+07:00" endTime="2019-04-11T17:23:55.1205485+07:00" testType="13cdc9d9-ddb5-4fa4-a97d-d965ccfc6d4b" outcome="Passed" testListId="8c84fa94-04c1-424b-9868-57a2d4851a1d" relativeResultsDirectory="23d0c80c-38c2-4350-ba8d-c2ea4734689a">
    </UnitTestResult>
    <UnitTestResult executionId="b3a30770-45a8-4284-8eb4-df9db3c161a9" testId="ce23eb2e-33d4-108e-904b-60e843105042" testName="ThemChiNhapMaLoaiSP" computerName="HONGTHY" duration="00:00:00.0050443" startTime="2019-04-11T17:23:55.1265440+07:00" endTime="2019-04-11T17:23:55.1385370+07:00" testType="13cdc9d9-ddb5-4fa4-a97d-d965ccfc6d4b" outcome="Failed" testListId="8c84fa94-04c1-424b-9868-57a2d4851a1d" relativeResultsDirectory="b3a30770-45a8-4284-8eb4-df9db3c161a9">
      <Output>
        <ErrorInfo>
          <Message>Assert.AreEqual failed. Expected:&lt;-1&gt;. Actual:&lt;1&gt;. </Message>
          <StackTrace>   at QLBQCPTest.UnitTest1.ThemChiNhapMaLoaiSP() in C:\Users\ADMIN\Desktop\Quan-Ly-Ban-Hang\QLBQCPTest\UnitTest1.cs:line 136
</StackTrace>
        </ErrorInfo>
      </Output>
    </UnitTestResult>
    <UnitTestResult executionId="a3be4b7d-903f-4286-8412-a00aa06437b6" testId="ce5bb150-c83c-7504-a750-cb65f1852af9" testName="SuaDonGiaSP" computerName="HONGTHY" duration="00:00:00.0015553" startTime="2019-04-11T17:23:55.1525284+07:00" endTime="2019-04-11T17:23:55.1595237+07:00" testType="13cdc9d9-ddb5-4fa4-a97d-d965ccfc6d4b" outcome="Passed" testListId="8c84fa94-04c1-424b-9868-57a2d4851a1d" relativeResultsDirectory="a3be4b7d-903f-4286-8412-a00aa06437b6">
    </UnitTestResult>
    <UnitTestResult executionId="d28bbc0c-c8ef-485c-97d6-45040fc84d90" testId="d504082d-d82e-aded-d6bf-87b2ae561b54" testName="SuaMaSP" computerName="HONGTHY" duration="00:00:00.0033890" startTime="2019-04-11T17:23:55.1655204+07:00" endTime="2019-04-11T17:23:55.1725152+07:00" testType="13cdc9d9-ddb5-4fa4-a97d-d965ccfc6d4b" outcome="Failed" testListId="8c84fa94-04c1-424b-9868-57a2d4851a1d" relativeResultsDirectory="d28bbc0c-c8ef-485c-97d6-45040fc84d90">
      <Output>
        <ErrorInfo>
          <Message>Assert.AreEqual failed. Expected:&lt;-1&gt;. Actual:&lt;1&gt;. </Message>
          <StackTrace>   at QLBQCPTest.UnitTest1.SuaMaSP() in C:\Users\ADMIN\Desktop\Quan-Ly-Ban-Hang\QLBQCPTest\UnitTest1.cs:line 195
</StackTrace>
        </ErrorInfo>
      </Output>
    </UnitTestResult>
    <UnitTestResult executionId="55489cfb-005b-4628-9b7f-5d1ee0c0e601" testId="e2f501f7-857d-805c-ee24-a5d2f5520d98" testName="TestLoginKhongNhapUser" computerName="HONGTHY" duration="00:00:00.0011541" startTime="2019-04-11T17:23:55.1785133+07:00" endTime="2019-04-11T17:23:55.1845079+07:00" testType="13cdc9d9-ddb5-4fa4-a97d-d965ccfc6d4b" outcome="Passed" testListId="8c84fa94-04c1-424b-9868-57a2d4851a1d" relativeResultsDirectory="55489cfb-005b-4628-9b7f-5d1ee0c0e601">
    </UnitTestResult>
    <UnitTestResult executionId="4e7ea655-bc11-471f-a274-1b850ae357b7" testId="e480ebaf-11e3-9379-8d39-93e35fd33101" testName="SuaDonViTinhSP" computerName="HONGTHY" duration="00:00:00.0015835" startTime="2019-04-11T17:23:55.1905055+07:00" endTime="2019-04-11T17:23:55.1955011+07:00" testType="13cdc9d9-ddb5-4fa4-a97d-d965ccfc6d4b" outcome="Passed" testListId="8c84fa94-04c1-424b-9868-57a2d4851a1d" relativeResultsDirectory="4e7ea655-bc11-471f-a274-1b850ae357b7">
    </UnitTestResult>
    <UnitTestResult executionId="95b841e6-bd4c-4d2c-b840-bbc2400e775b" testId="f0af479e-513b-fc36-fc5a-213667aca4d2" testName="ThemChiNhapDonViTinh" computerName="HONGTHY" duration="00:00:00.0042117" startTime="2019-04-11T17:23:55.2015000+07:00" endTime="2019-04-11T17:23:55.2114912+07:00" testType="13cdc9d9-ddb5-4fa4-a97d-d965ccfc6d4b" outcome="Failed" testListId="8c84fa94-04c1-424b-9868-57a2d4851a1d" relativeResultsDirectory="95b841e6-bd4c-4d2c-b840-bbc2400e775b">
      <Output>
        <ErrorInfo>
          <Message>Test method QLBQCPTest.UnitTest1.ThemChiNhapDonViTinh threw exception: 
System.Data.SqlClient.SqlException: Violation of PRIMARY KEY constraint 'PK_SanPham'. Cannot insert duplicate key in object 'dbo.SanPham'.
The statement has been terminated.</Message>
          <StackTrace>    at System.Data.SqlClient.SqlConnection.OnError(SqlException exception, Boolean breakConnection, Action`1 wrapCloseInAction)
   at System.Data.SqlClient.SqlInternalConnection.OnError(SqlException exception, Boolean breakConnection, Action`1 wrapCloseInAction)
   at System.Data.SqlClient.TdsParser.ThrowExceptionAndWarning(TdsParserStateObject stateObj, Boolean callerHasConnectionLock, Boolean asyncClose)
   at System.Data.SqlClient.TdsParser.TryRun(RunBehavior runBehavior, SqlCommand cmdHandler, SqlDataReader dataStream, BulkCopySimpleResultSet bulkCopyHandler, TdsParserStateObject stateObj, Boolean&amp; dataReady)
   at System.Data.SqlClient.SqlCommand.RunExecuteNonQueryTds(String methodName, Boolean async, Int32 timeout, Boolean asyncWrite)
   at System.Data.SqlClient.SqlCommand.InternalExecuteNonQuery(TaskCompletionSource`1 completion, String methodName, Boolean sendToPipe, Int32 timeout, Boolean&amp; usedCache, Boolean asyncWrite, Boolean inRetry)
   at System.Data.SqlClient.SqlCommand.ExecuteNonQuery()
   at DAO.DataProvider.MyExecuteNonQuery(String sql) in C:\Users\ADMIN\Desktop\Quan-Ly-Ban-Hang\DAO\DataProvider.cs:line 77
   at DAO.Products1DAO.Add(Products1 s) in C:\Users\ADMIN\Desktop\Quan-Ly-Ban-Hang\DAO\Products1DAO.cs:line 48
   at QLBQCPTest.UnitTest1.ThemChiNhapDonViTinh() in C:\Users\ADMIN\Desktop\Quan-Ly-Ban-Hang\QLBQCPTest\UnitTest1.cs:line 112
</StackTrace>
        </ErrorInfo>
      </Output>
    </UnitTestResult>
    <UnitTestResult executionId="e88d79dd-710c-4c4f-bce4-de80dbc15842" testId="f4d40c7d-421e-7813-06f6-e9ffb920da08" testName="ThemChiNhapDonGia" computerName="HONGTHY" duration="00:00:00.0068075" startTime="2019-04-11T17:23:55.2174893+07:00" endTime="2019-04-11T17:23:55.2284812+07:00" testType="13cdc9d9-ddb5-4fa4-a97d-d965ccfc6d4b" outcome="Failed" testListId="8c84fa94-04c1-424b-9868-57a2d4851a1d" relativeResultsDirectory="e88d79dd-710c-4c4f-bce4-de80dbc15842">
      <Output>
        <ErrorInfo>
          <Message>Test method QLBQCPTest.UnitTest1.ThemChiNhapDonGia threw exception: 
System.Data.SqlClient.SqlException: Violation of PRIMARY KEY constraint 'PK_SanPham'. Cannot insert duplicate key in object 'dbo.SanPham'.
The statement has been terminated.</Message>
          <StackTrace>    at System.Data.SqlClient.SqlConnection.OnError(SqlException exception, Boolean breakConnection, Action`1 wrapCloseInAction)
   at System.Data.SqlClient.SqlInternalConnection.OnError(SqlException exception, Boolean breakConnection, Action`1 wrapCloseInAction)
   at System.Data.SqlClient.TdsParser.ThrowExceptionAndWarning(TdsParserStateObject stateObj, Boolean callerHasConnectionLock, Boolean asyncClose)
   at System.Data.SqlClient.TdsParser.TryRun(RunBehavior runBehavior, SqlCommand cmdHandler, SqlDataReader dataStream, BulkCopySimpleResultSet bulkCopyHandler, TdsParserStateObject stateObj, Boolean&amp; dataReady)
   at System.Data.SqlClient.SqlCommand.RunExecuteNonQueryTds(String methodName, Boolean async, Int32 timeout, Boolean asyncWrite)
   at System.Data.SqlClient.SqlCommand.InternalExecuteNonQuery(TaskCompletionSource`1 completion, String methodName, Boolean sendToPipe, Int32 timeout, Boolean&amp; usedCache, Boolean asyncWrite, Boolean inRetry)
   at System.Data.SqlClient.SqlCommand.ExecuteNonQuery()
   at DAO.DataProvider.MyExecuteNonQuery(String sql) in C:\Users\ADMIN\Desktop\Quan-Ly-Ban-Hang\DAO\DataProvider.cs:line 77
   at DAO.Products1DAO.Add(Products1 s) in C:\Users\ADMIN\Desktop\Quan-Ly-Ban-Hang\DAO\Products1DAO.cs:line 48
   at QLBQCPTest.UnitTest1.ThemChiNhapDonGia() in C:\Users\ADMIN\Desktop\Quan-Ly-Ban-Hang\QLBQCPTest\UnitTest1.cs:line 123
</StackTrace>
        </ErrorInfo>
      </Output>
    </UnitTestResult>
    <UnitTestResult executionId="8c6962b6-3d32-4545-9ab4-ce953b4da940" testId="f97b5934-498a-804c-ab0f-b5d79a50c447" testName="ThemChiNhapTenSP" computerName="HONGTHY" duration="00:00:00.0067579" startTime="2019-04-11T17:23:55.2354782+07:00" endTime="2019-04-11T17:23:55.2464714+07:00" testType="13cdc9d9-ddb5-4fa4-a97d-d965ccfc6d4b" outcome="Failed" testListId="8c84fa94-04c1-424b-9868-57a2d4851a1d" relativeResultsDirectory="8c6962b6-3d32-4545-9ab4-ce953b4da940">
      <Output>
        <ErrorInfo>
          <Message>Test method QLBQCPTest.UnitTest1.ThemChiNhapTenSP threw exception: 
System.Data.SqlClient.SqlException: Violation of PRIMARY KEY constraint 'PK_SanPham'. Cannot insert duplicate key in object 'dbo.SanPham'.
The statement has been terminated.</Message>
          <StackTrace>    at System.Data.SqlClient.SqlConnection.OnError(SqlException exception, Boolean breakConnection, Action`1 wrapCloseInAction)
   at System.Data.SqlClient.SqlInternalConnection.OnError(SqlException exception, Boolean breakConnection, Action`1 wrapCloseInAction)
   at System.Data.SqlClient.TdsParser.ThrowExceptionAndWarning(TdsParserStateObject stateObj, Boolean callerHasConnectionLock, Boolean asyncClose)
   at System.Data.SqlClient.TdsParser.TryRun(RunBehavior runBehavior, SqlCommand cmdHandler, SqlDataReader dataStream, BulkCopySimpleResultSet bulkCopyHandler, TdsParserStateObject stateObj, Boolean&amp; dataReady)
   at System.Data.SqlClient.SqlCommand.RunExecuteNonQueryTds(String methodName, Boolean async, Int32 timeout, Boolean asyncWrite)
   at System.Data.SqlClient.SqlCommand.InternalExecuteNonQuery(TaskCompletionSource`1 completion, String methodName, Boolean sendToPipe, Int32 timeout, Boolean&amp; usedCache, Boolean asyncWrite, Boolean inRetry)
   at System.Data.SqlClient.SqlCommand.ExecuteNonQuery()
   at DAO.DataProvider.MyExecuteNonQuery(String sql) in C:\Users\ADMIN\Desktop\Quan-Ly-Ban-Hang\DAO\DataProvider.cs:line 77
   at DAO.Products1DAO.Add(Products1 s) in C:\Users\ADMIN\Desktop\Quan-Ly-Ban-Hang\DAO\Products1DAO.cs:line 48
   at QLBQCPTest.UnitTest1.ThemChiNhapTenSP() in C:\Users\ADMIN\Desktop\Quan-Ly-Ban-Hang\QLBQCPTest\UnitTest1.cs:line 101
</StackTrace>
        </ErrorInfo>
      </Output>
    </UnitTestResult>
    <UnitTestResult executionId="1a4ae985-c3b8-4aa9-8778-8a73671fbb40" testId="f9856354-8f7a-8144-1a2d-da989471d9f1" testName="SuaMaLoaiSP" computerName="HONGTHY" duration="00:00:00.0055413" startTime="2019-04-11T17:23:55.2544661+07:00" endTime="2019-04-11T17:23:55.2644586+07:00" testType="13cdc9d9-ddb5-4fa4-a97d-d965ccfc6d4b" outcome="Passed" testListId="8c84fa94-04c1-424b-9868-57a2d4851a1d" relativeResultsDirectory="1a4ae985-c3b8-4aa9-8778-8a73671fbb40">
    </UnitTestResult>
    <UnitTestResult executionId="64dbb54f-2524-4328-98cb-0f84f198e921" testId="fe141cf2-4a77-ee17-5428-a9fb734a965a" testName="ThemNhapMaSPQuaSoKyTu" computerName="HONGTHY" duration="00:00:00.0039188" startTime="2019-04-11T17:23:55.2714556+07:00" endTime="2019-04-11T17:23:55.2794507+07:00" testType="13cdc9d9-ddb5-4fa4-a97d-d965ccfc6d4b" outcome="Failed" testListId="8c84fa94-04c1-424b-9868-57a2d4851a1d" relativeResultsDirectory="64dbb54f-2524-4328-98cb-0f84f198e921">
      <Output>
        <ErrorInfo>
          <Message>Test method QLBQCPTest.UnitTest1.ThemNhapMaSPQuaSoKyTu threw exception: 
System.Data.SqlClient.SqlException: String or binary data would be truncated.
The statement has been terminated.</Message>
          <StackTrace>    at System.Data.SqlClient.SqlConnection.OnError(SqlException exception, Boolean breakConnection, Action`1 wrapCloseInAction)
   at System.Data.SqlClient.SqlInternalConnection.OnError(SqlException exception, Boolean breakConnection, Action`1 wrapCloseInAction)
   at System.Data.SqlClient.TdsParser.ThrowExceptionAndWarning(TdsParserStateObject stateObj, Boolean callerHasConnectionLock, Boolean asyncClose)
   at System.Data.SqlClient.TdsParser.TryRun(RunBehavior runBehavior, SqlCommand cmdHandler, SqlDataReader dataStream, BulkCopySimpleResultSet bulkCopyHandler, TdsParserStateObject stateObj, Boolean&amp; dataReady)
   at System.Data.SqlClient.SqlCommand.RunExecuteNonQueryTds(String methodName, Boolean async, Int32 timeout, Boolean asyncWrite)
   at System.Data.SqlClient.SqlCommand.InternalExecuteNonQuery(TaskCompletionSource`1 completion, String methodName, Boolean sendToPipe, Int32 timeout, Boolean&amp; usedCache, Boolean asyncWrite, Boolean inRetry)
   at System.Data.SqlClient.SqlCommand.ExecuteNonQuery()
   at DAO.DataProvider.MyExecuteNonQuery(String sql) in C:\Users\ADMIN\Desktop\Quan-Ly-Ban-Hang\DAO\DataProvider.cs:line 77
   at DAO.Products1DAO.Add(Products1 s) in C:\Users\ADMIN\Desktop\Quan-Ly-Ban-Hang\DAO\Products1DAO.cs:line 48
   at QLBQCPTest.UnitTest1.ThemNhapMaSPQuaSoKyTu() in C:\Users\ADMIN\Desktop\Quan-Ly-Ban-Hang\QLBQCPTest\UnitTest1.cs:line 145
</StackTrace>
        </ErrorInfo>
      </Output>
    </UnitTestResult>
    <UnitTestResult executionId="919d9e20-ef86-4b0a-8594-5b51fb6a42f5" testId="fe39e730-c96a-2052-86b3-f4cf718b6c01" testName="TestDangNhapThanhCong" computerName="HONGTHY" duration="00:00:00.0052308" startTime="2019-04-11T17:23:55.2874462+07:00" endTime="2019-04-11T17:23:55.2984398+07:00" testType="13cdc9d9-ddb5-4fa4-a97d-d965ccfc6d4b" outcome="Passed" testListId="8c84fa94-04c1-424b-9868-57a2d4851a1d" relativeResultsDirectory="919d9e20-ef86-4b0a-8594-5b51fb6a42f5">
    </UnitTestResult>
  </Results>
</TestRun>