<?xml version="1.0" encoding="UTF-8"?>
<TestRun id="3588974b-2265-414d-837f-89538dff0ab9" name="ADMIN@HONGTHY 2019-04-11 17:42:23" runUser="HONGTHY\ADMIN" xmlns="http://microsoft.com/schemas/VisualStudio/TeamTest/2010">
  <TestSettings name="Local" id="cc75e7d1-cc8f-4277-bdb4-190cc8087d18">
    <Description>These are default test settings for a local test run.</Description>
    <Deployment enabled="false" runDeploymentRoot="ADMIN_HONGTHY 2019-04-11 17_42_23">
      <DeploymentItem filename="C:\Users\ADMIN\Desktop\Quan-Ly-Ban-Hang\bin\Debug\DAO.dll" />
      <DeploymentItem filename="C:\Users\ADMIN\Desktop\Quan-Ly-Ban-Hang\bin\Debug\QuanLyBanHang.exe" />
      <DeploymentItem filename="C:\Users\ADMIN\Desktop\Quan-Ly-Ban-Hang\DTO\bin\Debug\DTO.dll" />
      <DeploymentItem filename="C:\Users\ADMIN\Desktop\Quan-Ly-Ban-Hang\bin\Debug\BUS.dll" />
    </Deployment>
    <Execution>
      <TestTypeSpecific />
      <AgentRule name="Execution Agents">
      </AgentRule>
    </Execution>
  </TestSettings>
  <Times creation="2019-04-11T17:42:23.9666027+07:00" queuing="2019-04-11T17:42:23.9975810+07:00" start="2019-04-11T17:42:24.0055765+07:00" finish="2019-04-11T17:42:24.3604586+07:00" />
  <ResultSummary outcome="Failed">
    <Counters total="1" executed="1" error="0" failed="1" timeout="0" aborted="0" inconclusive="0" passedButRunAborted="0" notRunnable="0" notExecuted="0" disconnected="0" warning="0" passed="0" completed="0" inProgress="0" pending="0" />
  </ResultSummary>
  <TestDefinitions>
    <UnitTest name="ThemChiNhapMaLoaiSP" storage="c:\users\admin\desktop\quan-ly-ban-hang\qlbqcptest\bin\debug\qlbqcptest.dll" id="ce23eb2e-33d4-108e-904b-60e843105042">
      <Execution id="bc8b050d-4643-4c23-9ade-014b223c5631" />
      <TestMethod codeBase="C:/Users/ADMIN/Desktop/Quan-Ly-Ban-Hang/QLBQCPTest/bin/Debug/QLBQCPTest.DLL" adapterTypeName="Microsoft.VisualStudio.TestTools.TestTypes.Unit.UnitTestAdapter, Microsoft.VisualStudio.QualityTools.Tips.UnitTest.Adapter, Version=10.0.0.0, Culture=neutral, PublicKeyToken=b03f5f7f11d50a3a" className="QLBQCPTest.UnitTest1, QLBQCPTest, Version=1.0.0.0, Culture=neutral, PublicKeyToken=null" name="ThemChiNhapMaLoaiSP" />
    </UnitTest>
  </TestDefinitions>
  <TestLists>
    <TestList name="Results Not in a List" id="8c84fa94-04c1-424b-9868-57a2d4851a1d" />
    <TestList name="All Loaded Results" id="19431567-8539-422a-85d7-44ee4e166bda" />
  </TestLists>
  <TestEntries>
    <TestEntry testId="ce23eb2e-33d4-108e-904b-60e843105042" executionId="bc8b050d-4643-4c23-9ade-014b223c5631" testListId="8c84fa94-04c1-424b-9868-57a2d4851a1d" />
  </TestEntries>
  <Results>
    <UnitTestResult executionId="bc8b050d-4643-4c23-9ade-014b223c5631" testId="ce23eb2e-33d4-108e-904b-60e843105042" testName="ThemChiNhapMaLoaiSP" computerName="HONGTHY" duration="00:00:00.0401990" startTime="2019-04-11T17:42:24.0125722+07:00" endTime="2019-04-11T17:42:24.3193833+07:00" testType="13cdc9d9-ddb5-4fa4-a97d-d965ccfc6d4b" outcome="Failed" testListId="8c84fa94-04c1-424b-9868-57a2d4851a1d" relativeResultsDirectory="bc8b050d-4643-4c23-9ade-014b223c5631">
      <Output>
        <ErrorInfo>
          <Message>Assert.AreEqual failed. Expected:&lt;-1&gt;. Actual:&lt;1&gt;. </Message>
          <StackTrace>   at QLBQCPTest.UnitTest1.ThemChiNhapMaLoaiSP() in C:\Users\ADMIN\Desktop\Quan-Ly-Ban-Hang\QLBQCPTest\UnitTest1.cs:line 136
</StackTrace>
        </ErrorInfo>
      </Output>
    </UnitTestResult>
  </Results>
</TestRun>