<?xml version="1.0" encoding="UTF-8"?>
<TestRun id="69683e03-97ed-4fbe-ac61-c9c50e993c93" name="ADMIN@HONGTHY 2019-04-02 12:35:48" runUser="HONGTHY\ADMIN" xmlns="http://microsoft.com/schemas/VisualStudio/TeamTest/2010">
  <TestSettings name="Local" id="cc75e7d1-cc8f-4277-bdb4-190cc8087d18">
    <Description>These are default test settings for a local test run.</Description>
    <Deployment enabled="false" runDeploymentRoot="ADMIN_HONGTHY 2019-04-02 12_35_48">
      <DeploymentItem filename="C:\Users\ADMIN\Desktop\QuanLyBanHangDHT\bin\Debug\QuanLyBanHang.exe" />
      <DeploymentItem filename="C:\Users\ADMIN\Desktop\QuanLyBanHangDHT\bin\Debug\BUS.dll" />
      <DeploymentItem filename="C:\Users\ADMIN\Desktop\QuanLyBanHangDHT\bin\Debug\DAO.dll" />
      <DeploymentItem filename="C:\Users\ADMIN\Desktop\QuanLyBanHangDHT\DTO\bin\Debug\DTO.dll" />
    </Deployment>
    <Execution>
      <TestTypeSpecific />
      <AgentRule name="Execution Agents">
      </AgentRule>
    </Execution>
  </TestSettings>
  <Times creation="2019-04-02T12:35:48.8782363+07:00" queuing="2019-04-02T12:35:48.9082169+07:00" start="2019-04-02T12:35:48.9182102+07:00" finish="2019-04-02T12:35:49.6037855+07:00" />
  <ResultSummary outcome="Error">
    <Counters total="6" executed="6" passed="4" error="1" failed="1" timeout="0" aborted="0" inconclusive="0" passedButRunAborted="0" notRunnable="0" notExecuted="0" disconnected="0" warning="0" completed="0" inProgress="0" pending="0" />
  </ResultSummary>
  <TestDefinitions>
    <UnitTest name="LoginKhongNhapSaiThongTin" storage="c:\users\admin\desktop\quanlybanhangdht\qlbqcptest\bin\debug\qlbqcptest.dll" id="657f9582-b7c8-bd82-7bee-f064b3bd4161">
      <Execution id="3a629620-a4dc-4360-b93f-75d0b0ac659f" />
      <TestMethod codeBase="C:/Users/ADMIN/Desktop/QuanLyBanHangDHT/QLBQCPTest/bin/Debug/QLBQCPTest.DLL" adapterTypeName="Microsoft.VisualStudio.TestTools.TestTypes.Unit.UnitTestAdapter, Microsoft.VisualStudio.QualityTools.Tips.UnitTest.Adapter, Version=10.0.0.0, Culture=neutral, PublicKeyToken=b03f5f7f11d50a3a" className="QLBQCPTest.UnitTest1, QLBQCPTest, Version=1.0.0.0, Culture=neutral, PublicKeyToken=null" name="LoginKhongNhapSaiThongTin" />
    </UnitTest>
    <UnitTest name="TestLoginKhongNhapPass" storage="c:\users\admin\desktop\quanlybanhangdht\qlbqcptest\bin\debug\qlbqcptest.dll" id="08edbe4f-eebe-3317-b7df-3a53a33d6ca8">
      <Execution id="5504da45-0f47-4632-9e21-100d30525b6d" />
      <TestMethod codeBase="C:/Users/ADMIN/Desktop/QuanLyBanHangDHT/QLBQCPTest/bin/Debug/QLBQCPTest.DLL" adapterTypeName="Microsoft.VisualStudio.TestTools.TestTypes.Unit.UnitTestAdapter, Microsoft.VisualStudio.QualityTools.Tips.UnitTest.Adapter, Version=10.0.0.0, Culture=neutral, PublicKeyToken=b03f5f7f11d50a3a" className="QLBQCPTest.UnitTest1, QLBQCPTest, Version=1.0.0.0, Culture=neutral, PublicKeyToken=null" name="TestLoginKhongNhapPass" />
    </UnitTest>
    <UnitTest name="LoginKhongNhapThongTin" storage="c:\users\admin\desktop\quanlybanhangdht\qlbqcptest\bin\debug\qlbqcptest.dll" id="74d44576-8011-fbf1-2066-818783e29ee0">
      <Execution id="6968e995-08c2-4b86-ae59-10574ab252f0" />
      <TestMethod codeBase="C:/Users/ADMIN/Desktop/QuanLyBanHangDHT/QLBQCPTest/bin/Debug/QLBQCPTest.DLL" adapterTypeName="Microsoft.VisualStudio.TestTools.TestTypes.Unit.UnitTestAdapter, Microsoft.VisualStudio.QualityTools.Tips.UnitTest.Adapter, Version=10.0.0.0, Culture=neutral, PublicKeyToken=b03f5f7f11d50a3a" className="QLBQCPTest.UnitTest1, QLBQCPTest, Version=1.0.0.0, Culture=neutral, PublicKeyToken=null" name="LoginKhongNhapThongTin" />
    </UnitTest>
    <UnitTest name="TestLoginKhongNhapUser" storage="c:\users\admin\desktop\quanlybanhangdht\qlbqcptest\bin\debug\qlbqcptest.dll" id="e2f501f7-857d-805c-ee24-a5d2f5520d98">
      <Execution id="77caa45e-36e0-4b27-908b-2cc7f3a5db07" />
      <TestMethod codeBase="C:/Users/ADMIN/Desktop/QuanLyBanHangDHT/QLBQCPTest/bin/Debug/QLBQCPTest.DLL" adapterTypeName="Microsoft.VisualStudio.TestTools.TestTypes.Unit.UnitTestAdapter, Microsoft.VisualStudio.QualityTools.Tips.UnitTest.Adapter, Version=10.0.0.0, Culture=neutral, PublicKeyToken=b03f5f7f11d50a3a" className="QLBQCPTest.UnitTest1, QLBQCPTest, Version=1.0.0.0, Culture=neutral, PublicKeyToken=null" name="TestLoginKhongNhapUser" />
    </UnitTest>
    <UnitTest name="TestDangNhapThanhCong" storage="c:\users\admin\desktop\quanlybanhangdht\qlbqcptest\bin\debug\qlbqcptest.dll" id="fe39e730-c96a-2052-86b3-f4cf718b6c01">
      <Execution id="e207455b-f59f-4a42-9b3e-3947203b23a3" />
      <TestMethod codeBase="C:/Users/ADMIN/Desktop/QuanLyBanHangDHT/QLBQCPTest/bin/Debug/QLBQCPTest.DLL" adapterTypeName="Microsoft.VisualStudio.TestTools.TestTypes.Unit.UnitTestAdapter, Microsoft.VisualStudio.QualityTools.Tips.UnitTest.Adapter, Version=10.0.0.0, Culture=neutral, PublicKeyToken=b03f5f7f11d50a3a" className="QLBQCPTest.UnitTest1, QLBQCPTest, Version=1.0.0.0, Culture=neutral, PublicKeyToken=null" name="TestDangNhapThanhCong" />
    </UnitTest>
    <UnitTest name="ThemThanhCong" storage="c:\users\admin\desktop\quanlybanhangdht\qlbqcptest\bin\debug\qlbqcptest.dll" id="2a9ad84d-2473-c864-4e94-cf1e349bee8a">
      <Execution id="b4281f8d-6776-4338-9245-6292191b0cc2" />
      <TestMethod codeBase="C:/Users/ADMIN/Desktop/QuanLyBanHangDHT/QLBQCPTest/bin/Debug/QLBQCPTest.DLL" adapterTypeName="Microsoft.VisualStudio.TestTools.TestTypes.Unit.UnitTestAdapter, Microsoft.VisualStudio.QualityTools.Tips.UnitTest.Adapter, Version=10.0.0.0, Culture=neutral, PublicKeyToken=b03f5f7f11d50a3a" className="QLBQCPTest.UnitTest1, QLBQCPTest, Version=1.0.0.0, Culture=neutral, PublicKeyToken=null" name="ThemThanhCong" />
    </UnitTest>
  </TestDefinitions>
  <TestLists>
    <TestList name="Results Not in a List" id="8c84fa94-04c1-424b-9868-57a2d4851a1d" />
    <TestList name="All Loaded Results" id="19431567-8539-422a-85d7-44ee4e166bda" />
  </TestLists>
  <TestEntries>
    <TestEntry testId="08edbe4f-eebe-3317-b7df-3a53a33d6ca8" executionId="5504da45-0f47-4632-9e21-100d30525b6d" testListId="8c84fa94-04c1-424b-9868-57a2d4851a1d" />
    <TestEntry testId="2a9ad84d-2473-c864-4e94-cf1e349bee8a" executionId="b4281f8d-6776-4338-9245-6292191b0cc2" testListId="8c84fa94-04c1-424b-9868-57a2d4851a1d" />
    <TestEntry testId="657f9582-b7c8-bd82-7bee-f064b3bd4161" executionId="3a629620-a4dc-4360-b93f-75d0b0ac659f" testListId="8c84fa94-04c1-424b-9868-57a2d4851a1d" />
    <TestEntry testId="74d44576-8011-fbf1-2066-818783e29ee0" executionId="6968e995-08c2-4b86-ae59-10574ab252f0" testListId="8c84fa94-04c1-424b-9868-57a2d4851a1d" />
    <TestEntry testId="e2f501f7-857d-805c-ee24-a5d2f5520d98" executionId="77caa45e-36e0-4b27-908b-2cc7f3a5db07" testListId="8c84fa94-04c1-424b-9868-57a2d4851a1d" />
    <TestEntry testId="fe39e730-c96a-2052-86b3-f4cf718b6c01" executionId="e207455b-f59f-4a42-9b3e-3947203b23a3" testListId="8c84fa94-04c1-424b-9868-57a2d4851a1d" />
  </TestEntries>
  <Results>
    <UnitTestResult executionId="5504da45-0f47-4632-9e21-100d30525b6d" testId="08edbe4f-eebe-3317-b7df-3a53a33d6ca8" testName="TestLoginKhongNhapPass" computerName="HONGTHY" duration="00:00:00.0621732" startTime="2019-04-02T12:35:48.9302037+07:00" endTime="2019-04-02T12:35:49.4348901+07:00" testType="13cdc9d9-ddb5-4fa4-a97d-d965ccfc6d4b" outcome="Passed" testListId="8c84fa94-04c1-424b-9868-57a2d4851a1d" relativeResultsDirectory="5504da45-0f47-4632-9e21-100d30525b6d">
    </UnitTestResult>
    <UnitTestResult executionId="b4281f8d-6776-4338-9245-6292191b0cc2" testId="2a9ad84d-2473-c864-4e94-cf1e349bee8a" testName="ThemThanhCong" computerName="HONGTHY" duration="00:00:00.0197241" startTime="2019-04-02T12:35:49.4418858+07:00" endTime="2019-04-02T12:35:49.4668699+07:00" testType="13cdc9d9-ddb5-4fa4-a97d-d965ccfc6d4b" outcome="Failed" testListId="8c84fa94-04c1-424b-9868-57a2d4851a1d" relativeResultsDirectory="b4281f8d-6776-4338-9245-6292191b0cc2">
      <Output>
        <ErrorInfo>
          <Message>Test method QLBQCPTest.UnitTest1.ThemThanhCong threw exception: 
System.Data.SqlClient.SqlException: String or binary data would be truncated.
The statement has been terminated.</Message>
          <StackTrace>    at System.Data.SqlClient.SqlConnection.OnError(SqlException exception, Boolean breakConnection, Action`1 wrapCloseInAction)
   at System.Data.SqlClient.SqlInternalConnection.OnError(SqlException exception, Boolean breakConnection, Action`1 wrapCloseInAction)
   at System.Data.SqlClient.TdsParser.ThrowExceptionAndWarning(TdsParserStateObject stateObj, Boolean callerHasConnectionLock, Boolean asyncClose)
   at System.Data.SqlClient.TdsParser.TryRun(RunBehavior runBehavior, SqlCommand cmdHandler, SqlDataReader dataStream, BulkCopySimpleResultSet bulkCopyHandler, TdsParserStateObject stateObj, Boolean&amp; dataReady)
   at System.Data.SqlClient.SqlCommand.RunExecuteNonQueryTds(String methodName, Boolean async, Int32 timeout, Boolean asyncWrite)
   at System.Data.SqlClient.SqlCommand.InternalExecuteNonQuery(TaskCompletionSource`1 completion, String methodName, Boolean sendToPipe, Int32 timeout, Boolean&amp; usedCache, Boolean asyncWrite, Boolean inRetry)
   at System.Data.SqlClient.SqlCommand.ExecuteNonQuery()
   at DAO.DataProvider.MyExecuteNonQuery(String sql) in C:\Users\ADMIN\Desktop\QuanLyBanHangDHT\DAO\DataProvider.cs:line 76
   at DAO.Products1DAO.Add(Products1 s) in C:\Users\ADMIN\Desktop\QuanLyBanHangDHT\DAO\Products1DAO.cs:line 48
   at QLBQCPTest.UnitTest1.ThemThanhCong() in C:\Users\ADMIN\Desktop\QuanLyBanHangDHT\QLBQCPTest\UnitTest1.cs:line 77
</StackTrace>
        </ErrorInfo>
      </Output>
    </UnitTestResult>
    <UnitTestResult executionId="3a629620-a4dc-4360-b93f-75d0b0ac659f" testId="657f9582-b7c8-bd82-7bee-f064b3bd4161" testName="LoginKhongNhapSaiThongTin" computerName="HONGTHY" startTime="2019-04-02T12:35:49.5128414+07:00" endTime="2019-04-02T12:35:49.5198383+07:00" testType="13cdc9d9-ddb5-4fa4-a97d-d965ccfc6d4b" testListId="8c84fa94-04c1-424b-9868-57a2d4851a1d" relativeResultsDirectory="3a629620-a4dc-4360-b93f-75d0b0ac659f">
      <Output>
        <ErrorInfo>
          <Message>Method QLBQCPTest.UnitTest1.LoginKhongNhapSaiThongTin does not exist.</Message>
        </ErrorInfo>
      </Output>
    </UnitTestResult>
    <UnitTestResult executionId="6968e995-08c2-4b86-ae59-10574ab252f0" testId="74d44576-8011-fbf1-2066-818783e29ee0" testName="LoginKhongNhapThongTin" computerName="HONGTHY" duration="00:00:00.0062284" startTime="2019-04-02T12:35:49.5278321+07:00" endTime="2019-04-02T12:35:49.5408249+07:00" testType="13cdc9d9-ddb5-4fa4-a97d-d965ccfc6d4b" outcome="Passed" testListId="8c84fa94-04c1-424b-9868-57a2d4851a1d" relativeResultsDirectory="6968e995-08c2-4b86-ae59-10574ab252f0">
    </UnitTestResult>
    <UnitTestResult executionId="77caa45e-36e0-4b27-908b-2cc7f3a5db07" testId="e2f501f7-857d-805c-ee24-a5d2f5520d98" testName="TestLoginKhongNhapUser" computerName="HONGTHY" duration="00:00:00.0012610" startTime="2019-04-02T12:35:49.5468207+07:00" endTime="2019-04-02T12:35:49.5528166+07:00" testType="13cdc9d9-ddb5-4fa4-a97d-d965ccfc6d4b" outcome="Passed" testListId="8c84fa94-04c1-424b-9868-57a2d4851a1d" relativeResultsDirectory="77caa45e-36e0-4b27-908b-2cc7f3a5db07">
    </UnitTestResult>
    <UnitTestResult executionId="e207455b-f59f-4a42-9b3e-3947203b23a3" testId="fe39e730-c96a-2052-86b3-f4cf718b6c01" testName="TestDangNhapThanhCong" computerName="HONGTHY" duration="00:00:00.0013333" startTime="2019-04-02T12:35:49.5588133+07:00" endTime="2019-04-02T12:35:49.5648092+07:00" testType="13cdc9d9-ddb5-4fa4-a97d-d965ccfc6d4b" outcome="Passed" testListId="8c84fa94-04c1-424b-9868-57a2d4851a1d" relativeResultsDirectory="e207455b-f59f-4a42-9b3e-3947203b23a3">
    </UnitTestResult>
  </Results>
</TestRun>