<?xml version="1.0" encoding="UTF-8"?>
<TestRun id="54e96129-79f4-47dc-84da-26a506d9df9a" name="ADMIN@HONGTHY 2019-04-02 12:40:37" runUser="HONGTHY\ADMIN" xmlns="http://microsoft.com/schemas/VisualStudio/TeamTest/2010">
  <TestSettings name="Local" id="cc75e7d1-cc8f-4277-bdb4-190cc8087d18">
    <Description>These are default test settings for a local test run.</Description>
    <Deployment enabled="false" runDeploymentRoot="ADMIN_HONGTHY 2019-04-02 12_40_37">
      <DeploymentItem filename="C:\Users\ADMIN\Desktop\QuanLyBanHangDHT\bin\Debug\QuanLyBanHang.exe" />
      <DeploymentItem filename="C:\Users\ADMIN\Desktop\QuanLyBanHangDHT\bin\Debug\BUS.dll" />
      <DeploymentItem filename="C:\Users\ADMIN\Desktop\QuanLyBanHangDHT\bin\Debug\DAO.dll" />
      <DeploymentItem filename="C:\Users\ADMIN\Desktop\QuanLyBanHangDHT\DTO\bin\Debug\DTO.dll" />
    </Deployment>
    <Execution>
      <TestTypeSpecific />
      <AgentRule name="Execution Agents">
      </AgentRule>
    </Execution>
  </TestSettings>
  <Times creation="2019-04-02T12:40:37.2959809+07:00" queuing="2019-04-02T12:40:37.3329571+07:00" start="2019-04-02T12:40:37.3429492+07:00" finish="2019-04-02T12:40:38.0045393+07:00" />
  <ResultSummary outcome="Error">
    <Counters total="6" executed="6" passed="4" error="1" failed="1" timeout="0" aborted="0" inconclusive="0" passedButRunAborted="0" notRunnable="0" notExecuted="0" disconnected="0" warning="0" completed="0" inProgress="0" pending="0" />
  </ResultSummary>
  <TestDefinitions>
    <UnitTest name="LoginKhongNhapSaiThongTin" storage="c:\users\admin\desktop\quanlybanhangdht\qlbqcptest\bin\debug\qlbqcptest.dll" id="657f9582-b7c8-bd82-7bee-f064b3bd4161">
      <Execution id="c44870cf-a4ce-46c9-9a9e-bd36f0242b12" />
      <TestMethod codeBase="C:/Users/ADMIN/Desktop/QuanLyBanHangDHT/QLBQCPTest/bin/Debug/QLBQCPTest.DLL" adapterTypeName="Microsoft.VisualStudio.TestTools.TestTypes.Unit.UnitTestAdapter, Microsoft.VisualStudio.QualityTools.Tips.UnitTest.Adapter, Version=10.0.0.0, Culture=neutral, PublicKeyToken=b03f5f7f11d50a3a" className="QLBQCPTest.UnitTest1, QLBQCPTest, Version=1.0.0.0, Culture=neutral, PublicKeyToken=null" name="LoginKhongNhapSaiThongTin" />
    </UnitTest>
    <UnitTest name="TestLoginKhongNhapPass" storage="c:\users\admin\desktop\quanlybanhangdht\qlbqcptest\bin\debug\qlbqcptest.dll" id="08edbe4f-eebe-3317-b7df-3a53a33d6ca8">
      <Execution id="24a5a99a-98f1-4f68-af21-bbce6186d4a7" />
      <TestMethod codeBase="C:/Users/ADMIN/Desktop/QuanLyBanHangDHT/QLBQCPTest/bin/Debug/QLBQCPTest.DLL" adapterTypeName="Microsoft.VisualStudio.TestTools.TestTypes.Unit.UnitTestAdapter, Microsoft.VisualStudio.QualityTools.Tips.UnitTest.Adapter, Version=10.0.0.0, Culture=neutral, PublicKeyToken=b03f5f7f11d50a3a" className="QLBQCPTest.UnitTest1, QLBQCPTest, Version=1.0.0.0, Culture=neutral, PublicKeyToken=null" name="TestLoginKhongNhapPass" />
    </UnitTest>
    <UnitTest name="LoginKhongNhapThongTin" storage="c:\users\admin\desktop\quanlybanhangdht\qlbqcptest\bin\debug\qlbqcptest.dll" id="74d44576-8011-fbf1-2066-818783e29ee0">
      <Execution id="7a593bad-3f1b-43b6-8bb8-a9d8b3b64ec3" />
      <TestMethod codeBase="C:/Users/ADMIN/Desktop/QuanLyBanHangDHT/QLBQCPTest/bin/Debug/QLBQCPTest.DLL" adapterTypeName="Microsoft.VisualStudio.TestTools.TestTypes.Unit.UnitTestAdapter, Microsoft.VisualStudio.QualityTools.Tips.UnitTest.Adapter, Version=10.0.0.0, Culture=neutral, PublicKeyToken=b03f5f7f11d50a3a" className="QLBQCPTest.UnitTest1, QLBQCPTest, Version=1.0.0.0, Culture=neutral, PublicKeyToken=null" name="LoginKhongNhapThongTin" />
    </UnitTest>
    <UnitTest name="TestLoginKhongNhapUser" storage="c:\users\admin\desktop\quanlybanhangdht\qlbqcptest\bin\debug\qlbqcptest.dll" id="e2f501f7-857d-805c-ee24-a5d2f5520d98">
      <Execution id="6bc26e0f-1707-469c-957c-d67a9708423c" />
      <TestMethod codeBase="C:/Users/ADMIN/Desktop/QuanLyBanHangDHT/QLBQCPTest/bin/Debug/QLBQCPTest.DLL" adapterTypeName="Microsoft.VisualStudio.TestTools.TestTypes.Unit.UnitTestAdapter, Microsoft.VisualStudio.QualityTools.Tips.UnitTest.Adapter, Version=10.0.0.0, Culture=neutral, PublicKeyToken=b03f5f7f11d50a3a" className="QLBQCPTest.UnitTest1, QLBQCPTest, Version=1.0.0.0, Culture=neutral, PublicKeyToken=null" name="TestLoginKhongNhapUser" />
    </UnitTest>
    <UnitTest name="TestDangNhapThanhCong" storage="c:\users\admin\desktop\quanlybanhangdht\qlbqcptest\bin\debug\qlbqcptest.dll" id="fe39e730-c96a-2052-86b3-f4cf718b6c01">
      <Execution id="dc68ad4d-7bce-4694-99f1-800a1f01f649" />
      <TestMethod codeBase="C:/Users/ADMIN/Desktop/QuanLyBanHangDHT/QLBQCPTest/bin/Debug/QLBQCPTest.DLL" adapterTypeName="Microsoft.VisualStudio.TestTools.TestTypes.Unit.UnitTestAdapter, Microsoft.VisualStudio.QualityTools.Tips.UnitTest.Adapter, Version=10.0.0.0, Culture=neutral, PublicKeyToken=b03f5f7f11d50a3a" className="QLBQCPTest.UnitTest1, QLBQCPTest, Version=1.0.0.0, Culture=neutral, PublicKeyToken=null" name="TestDangNhapThanhCong" />
    </UnitTest>
    <UnitTest name="ThemThanhCong" storage="c:\users\admin\desktop\quanlybanhangdht\qlbqcptest\bin\debug\qlbqcptest.dll" id="2a9ad84d-2473-c864-4e94-cf1e349bee8a">
      <Execution id="530072a6-37c8-4300-8fb5-90add00006f3" />
      <TestMethod codeBase="C:/Users/ADMIN/Desktop/QuanLyBanHangDHT/QLBQCPTest/bin/Debug/QLBQCPTest.DLL" adapterTypeName="Microsoft.VisualStudio.TestTools.TestTypes.Unit.UnitTestAdapter, Microsoft.VisualStudio.QualityTools.Tips.UnitTest.Adapter, Version=10.0.0.0, Culture=neutral, PublicKeyToken=b03f5f7f11d50a3a" className="QLBQCPTest.UnitTest1, QLBQCPTest, Version=1.0.0.0, Culture=neutral, PublicKeyToken=null" name="ThemThanhCong" />
    </UnitTest>
  </TestDefinitions>
  <TestLists>
    <TestList name="Results Not in a List" id="8c84fa94-04c1-424b-9868-57a2d4851a1d" />
    <TestList name="All Loaded Results" id="19431567-8539-422a-85d7-44ee4e166bda" />
  </TestLists>
  <TestEntries>
    <TestEntry testId="08edbe4f-eebe-3317-b7df-3a53a33d6ca8" executionId="24a5a99a-98f1-4f68-af21-bbce6186d4a7" testListId="8c84fa94-04c1-424b-9868-57a2d4851a1d" />
    <TestEntry testId="2a9ad84d-2473-c864-4e94-cf1e349bee8a" executionId="530072a6-37c8-4300-8fb5-90add00006f3" testListId="8c84fa94-04c1-424b-9868-57a2d4851a1d" />
    <TestEntry testId="657f9582-b7c8-bd82-7bee-f064b3bd4161" executionId="c44870cf-a4ce-46c9-9a9e-bd36f0242b12" testListId="8c84fa94-04c1-424b-9868-57a2d4851a1d" />
    <TestEntry testId="74d44576-8011-fbf1-2066-818783e29ee0" executionId="7a593bad-3f1b-43b6-8bb8-a9d8b3b64ec3" testListId="8c84fa94-04c1-424b-9868-57a2d4851a1d" />
    <TestEntry testId="e2f501f7-857d-805c-ee24-a5d2f5520d98" executionId="6bc26e0f-1707-469c-957c-d67a9708423c" testListId="8c84fa94-04c1-424b-9868-57a2d4851a1d" />
    <TestEntry testId="fe39e730-c96a-2052-86b3-f4cf718b6c01" executionId="dc68ad4d-7bce-4694-99f1-800a1f01f649" testListId="8c84fa94-04c1-424b-9868-57a2d4851a1d" />
  </TestEntries>
  <Results>
    <UnitTestResult executionId="24a5a99a-98f1-4f68-af21-bbce6186d4a7" testId="08edbe4f-eebe-3317-b7df-3a53a33d6ca8" testName="TestLoginKhongNhapPass" computerName="HONGTHY" duration="00:00:00.0630802" startTime="2019-04-02T12:40:37.3509438+07:00" endTime="2019-04-02T12:40:37.8116584+07:00" testType="13cdc9d9-ddb5-4fa4-a97d-d965ccfc6d4b" outcome="Passed" testListId="8c84fa94-04c1-424b-9868-57a2d4851a1d" relativeResultsDirectory="24a5a99a-98f1-4f68-af21-bbce6186d4a7">
    </UnitTestResult>
    <UnitTestResult executionId="530072a6-37c8-4300-8fb5-90add00006f3" testId="2a9ad84d-2473-c864-4e94-cf1e349bee8a" testName="ThemThanhCong" computerName="HONGTHY" duration="00:00:00.0487259" startTime="2019-04-02T12:40:37.8476365+07:00" endTime="2019-04-02T12:40:37.9076028+07:00" testType="13cdc9d9-ddb5-4fa4-a97d-d965ccfc6d4b" outcome="Failed" testListId="8c84fa94-04c1-424b-9868-57a2d4851a1d" relativeResultsDirectory="530072a6-37c8-4300-8fb5-90add00006f3">
      <Output>
        <ErrorInfo>
          <Message>Test method QLBQCPTest.UnitTest1.ThemThanhCong threw exception: 
System.Data.SqlClient.SqlException: String or binary data would be truncated.
The statement has been terminated.</Message>
          <StackTrace>    at System.Data.SqlClient.SqlConnection.OnError(SqlException exception, Boolean breakConnection, Action`1 wrapCloseInAction)
   at System.Data.SqlClient.SqlInternalConnection.OnError(SqlException exception, Boolean breakConnection, Action`1 wrapCloseInAction)
   at System.Data.SqlClient.TdsParser.ThrowExceptionAndWarning(TdsParserStateObject stateObj, Boolean callerHasConnectionLock, Boolean asyncClose)
   at System.Data.SqlClient.TdsParser.TryRun(RunBehavior runBehavior, SqlCommand cmdHandler, SqlDataReader dataStream, BulkCopySimpleResultSet bulkCopyHandler, TdsParserStateObject stateObj, Boolean&amp; dataReady)
   at System.Data.SqlClient.SqlCommand.RunExecuteNonQueryTds(String methodName, Boolean async, Int32 timeout, Boolean asyncWrite)
   at System.Data.SqlClient.SqlCommand.InternalExecuteNonQuery(TaskCompletionSource`1 completion, String methodName, Boolean sendToPipe, Int32 timeout, Boolean&amp; usedCache, Boolean asyncWrite, Boolean inRetry)
   at System.Data.SqlClient.SqlCommand.ExecuteNonQuery()
   at DAO.DataProvider.MyExecuteNonQuery(String sql) in C:\Users\ADMIN\Desktop\QuanLyBanHangDHT\DAO\DataProvider.cs:line 76
   at DAO.Products1DAO.Add(Products1 s) in C:\Users\ADMIN\Desktop\QuanLyBanHangDHT\DAO\Products1DAO.cs:line 48
   at QLBQCPTest.UnitTest1.ThemThanhCong() in C:\Users\ADMIN\Desktop\QuanLyBanHangDHT\QLBQCPTest\UnitTest1.cs:line 67
</StackTrace>
        </ErrorInfo>
      </Output>
    </UnitTestResult>
    <UnitTestResult executionId="c44870cf-a4ce-46c9-9a9e-bd36f0242b12" testId="657f9582-b7c8-bd82-7bee-f064b3bd4161" testName="LoginKhongNhapSaiThongTin" computerName="HONGTHY" startTime="2019-04-02T12:40:37.9215911+07:00" endTime="2019-04-02T12:40:37.9325877+07:00" testType="13cdc9d9-ddb5-4fa4-a97d-d965ccfc6d4b" testListId="8c84fa94-04c1-424b-9868-57a2d4851a1d" relativeResultsDirectory="c44870cf-a4ce-46c9-9a9e-bd36f0242b12">
      <Output>
        <ErrorInfo>
          <Message>Method QLBQCPTest.UnitTest1.LoginKhongNhapSaiThongTin does not exist.</Message>
        </ErrorInfo>
      </Output>
    </UnitTestResult>
    <UnitTestResult executionId="7a593bad-3f1b-43b6-8bb8-a9d8b3b64ec3" testId="74d44576-8011-fbf1-2066-818783e29ee0" testName="LoginKhongNhapThongTin" computerName="HONGTHY" duration="00:00:00.0067544" startTime="2019-04-02T12:40:37.9425777+07:00" endTime="2019-04-02T12:40:37.9545715+07:00" testType="13cdc9d9-ddb5-4fa4-a97d-d965ccfc6d4b" outcome="Passed" testListId="8c84fa94-04c1-424b-9868-57a2d4851a1d" relativeResultsDirectory="7a593bad-3f1b-43b6-8bb8-a9d8b3b64ec3">
    </UnitTestResult>
    <UnitTestResult executionId="6bc26e0f-1707-469c-957c-d67a9708423c" testId="e2f501f7-857d-805c-ee24-a5d2f5520d98" testName="TestLoginKhongNhapUser" computerName="HONGTHY" duration="00:00:00.0012375" startTime="2019-04-02T12:40:37.9625661+07:00" endTime="2019-04-02T12:40:37.9675631+07:00" testType="13cdc9d9-ddb5-4fa4-a97d-d965ccfc6d4b" outcome="Passed" testListId="8c84fa94-04c1-424b-9868-57a2d4851a1d" relativeResultsDirectory="6bc26e0f-1707-469c-957c-d67a9708423c">
    </UnitTestResult>
    <UnitTestResult executionId="dc68ad4d-7bce-4694-99f1-800a1f01f649" testId="fe39e730-c96a-2052-86b3-f4cf718b6c01" testName="TestDangNhapThanhCong" computerName="HONGTHY" duration="00:00:00.0012414" startTime="2019-04-02T12:40:37.9745591+07:00" endTime="2019-04-02T12:40:37.9805541+07:00" testType="13cdc9d9-ddb5-4fa4-a97d-d965ccfc6d4b" outcome="Passed" testListId="8c84fa94-04c1-424b-9868-57a2d4851a1d" relativeResultsDirectory="dc68ad4d-7bce-4694-99f1-800a1f01f649">
    </UnitTestResult>
  </Results>
</TestRun>