<?xml version="1.0" encoding="UTF-8"?>
<TestRun id="5f1b6b61-6062-4ba4-9fab-0476f53b9488" name="ADMIN@HONGTHY 2019-04-11 17:54:04" runUser="HONGTHY\ADMIN" xmlns="http://microsoft.com/schemas/VisualStudio/TeamTest/2010">
  <TestSettings name="Local" id="cc75e7d1-cc8f-4277-bdb4-190cc8087d18">
    <Description>These are default test settings for a local test run.</Description>
    <Deployment enabled="false" runDeploymentRoot="ADMIN_HONGTHY 2019-04-11 17_54_04">
      <DeploymentItem filename="C:\Users\ADMIN\Desktop\Quan-Ly-Ban-Hang\bin\Debug\DAO.dll" />
      <DeploymentItem filename="C:\Users\ADMIN\Desktop\Quan-Ly-Ban-Hang\bin\Debug\QuanLyBanHang.exe" />
      <DeploymentItem filename="C:\Users\ADMIN\Desktop\Quan-Ly-Ban-Hang\DTO\bin\Debug\DTO.dll" />
      <DeploymentItem filename="C:\Users\ADMIN\Desktop\Quan-Ly-Ban-Hang\bin\Debug\BUS.dll" />
    </Deployment>
    <Execution>
      <TestTypeSpecific />
      <AgentRule name="Execution Agents">
      </AgentRule>
    </Execution>
  </TestSettings>
  <Times creation="2019-04-11T17:54:04.1764610+07:00" queuing="2019-04-11T17:54:04.3499456+07:00" start="2019-04-11T17:54:04.3589388+07:00" finish="2019-04-11T17:54:04.7746832+07:00" />
  <ResultSummary outcome="Failed">
    <Counters total="1" executed="1" error="0" failed="1" timeout="0" aborted="0" inconclusive="0" passedButRunAborted="0" notRunnable="0" notExecuted="0" disconnected="0" warning="0" passed="0" completed="0" inProgress="0" pending="0" />
  </ResultSummary>
  <TestDefinitions>
    <UnitTest name="ThemChiNhapDonViTinh" storage="c:\users\admin\desktop\quan-ly-ban-hang\qlbqcptest\bin\debug\qlbqcptest.dll" id="f0af479e-513b-fc36-fc5a-213667aca4d2">
      <Execution id="a51bfcde-753c-4aad-beaf-05bf4878b335" />
      <TestMethod codeBase="C:/Users/ADMIN/Desktop/Quan-Ly-Ban-Hang/QLBQCPTest/bin/Debug/QLBQCPTest.DLL" adapterTypeName="Microsoft.VisualStudio.TestTools.TestTypes.Unit.UnitTestAdapter, Microsoft.VisualStudio.QualityTools.Tips.UnitTest.Adapter, Version=10.0.0.0, Culture=neutral, PublicKeyToken=b03f5f7f11d50a3a" className="QLBQCPTest.UnitTest1, QLBQCPTest, Version=1.0.0.0, Culture=neutral, PublicKeyToken=null" name="ThemChiNhapDonViTinh" />
    </UnitTest>
  </TestDefinitions>
  <TestLists>
    <TestList name="Results Not in a List" id="8c84fa94-04c1-424b-9868-57a2d4851a1d" />
    <TestList name="All Loaded Results" id="19431567-8539-422a-85d7-44ee4e166bda" />
  </TestLists>
  <TestEntries>
    <TestEntry testId="f0af479e-513b-fc36-fc5a-213667aca4d2" executionId="a51bfcde-753c-4aad-beaf-05bf4878b335" testListId="8c84fa94-04c1-424b-9868-57a2d4851a1d" />
  </TestEntries>
  <Results>
    <UnitTestResult executionId="a51bfcde-753c-4aad-beaf-05bf4878b335" testId="f0af479e-513b-fc36-fc5a-213667aca4d2" testName="ThemChiNhapDonViTinh" computerName="HONGTHY" duration="00:00:00.0531465" startTime="2019-04-11T17:54:04.3689330+07:00" endTime="2019-04-11T17:54:04.7516961+07:00" testType="13cdc9d9-ddb5-4fa4-a97d-d965ccfc6d4b" outcome="Failed" testListId="8c84fa94-04c1-424b-9868-57a2d4851a1d" relativeResultsDirectory="a51bfcde-753c-4aad-beaf-05bf4878b335">
      <Output>
        <ErrorInfo>
          <Message>Assert.AreEqual failed. Expected:&lt;-1&gt;. Actual:&lt;1&gt;. </Message>
          <StackTrace>   at QLBQCPTest.UnitTest1.ThemChiNhapDonViTinh() in C:\Users\ADMIN\Desktop\Quan-Ly-Ban-Hang\QLBQCPTest\UnitTest1.cs:line 114
</StackTrace>
        </ErrorInfo>
      </Output>
    </UnitTestResult>
  </Results>
</TestRun>