<?xml version="1.0" encoding="UTF-8"?>
<TestRun id="59a5c6b2-e815-44b6-9e51-62ab51a7a065" name="ADMIN@HONGTHY 2019-04-02 12:37:29" runUser="HONGTHY\ADMIN" xmlns="http://microsoft.com/schemas/VisualStudio/TeamTest/2010">
  <TestSettings name="Local" id="cc75e7d1-cc8f-4277-bdb4-190cc8087d18">
    <Description>These are default test settings for a local test run.</Description>
    <Deployment enabled="false" runDeploymentRoot="ADMIN_HONGTHY 2019-04-02 12_37_29">
      <DeploymentItem filename="C:\Users\ADMIN\Desktop\QuanLyBanHangDHT\bin\Debug\QuanLyBanHang.exe" />
      <DeploymentItem filename="C:\Users\ADMIN\Desktop\QuanLyBanHangDHT\bin\Debug\BUS.dll" />
      <DeploymentItem filename="C:\Users\ADMIN\Desktop\QuanLyBanHangDHT\bin\Debug\DAO.dll" />
      <DeploymentItem filename="C:\Users\ADMIN\Desktop\QuanLyBanHangDHT\DTO\bin\Debug\DTO.dll" />
    </Deployment>
    <Execution>
      <TestTypeSpecific />
      <AgentRule name="Execution Agents">
      </AgentRule>
    </Execution>
  </TestSettings>
  <Times creation="2019-04-02T12:37:29.2103369+07:00" queuing="2019-04-02T12:37:29.2712961+07:00" start="2019-04-02T12:37:29.3132705+07:00" finish="2019-04-02T12:37:29.7929742+07:00" />
  <ResultSummary outcome="Error">
    <Counters total="6" executed="6" passed="4" error="1" failed="1" timeout="0" aborted="0" inconclusive="0" passedButRunAborted="0" notRunnable="0" notExecuted="0" disconnected="0" warning="0" completed="0" inProgress="0" pending="0" />
  </ResultSummary>
  <TestDefinitions>
    <UnitTest name="LoginKhongNhapSaiThongTin" storage="c:\users\admin\desktop\quanlybanhangdht\qlbqcptest\bin\debug\qlbqcptest.dll" id="657f9582-b7c8-bd82-7bee-f064b3bd4161">
      <Execution id="5ec653a3-3422-4a87-bfb2-0c82c89ce0a4" />
      <TestMethod codeBase="C:/Users/ADMIN/Desktop/QuanLyBanHangDHT/QLBQCPTest/bin/Debug/QLBQCPTest.DLL" adapterTypeName="Microsoft.VisualStudio.TestTools.TestTypes.Unit.UnitTestAdapter, Microsoft.VisualStudio.QualityTools.Tips.UnitTest.Adapter, Version=10.0.0.0, Culture=neutral, PublicKeyToken=b03f5f7f11d50a3a" className="QLBQCPTest.UnitTest1, QLBQCPTest, Version=1.0.0.0, Culture=neutral, PublicKeyToken=null" name="LoginKhongNhapSaiThongTin" />
    </UnitTest>
    <UnitTest name="TestLoginKhongNhapPass" storage="c:\users\admin\desktop\quanlybanhangdht\qlbqcptest\bin\debug\qlbqcptest.dll" id="08edbe4f-eebe-3317-b7df-3a53a33d6ca8">
      <Execution id="1014a11b-e723-4c95-9386-f8950a38eb6a" />
      <TestMethod codeBase="C:/Users/ADMIN/Desktop/QuanLyBanHangDHT/QLBQCPTest/bin/Debug/QLBQCPTest.DLL" adapterTypeName="Microsoft.VisualStudio.TestTools.TestTypes.Unit.UnitTestAdapter, Microsoft.VisualStudio.QualityTools.Tips.UnitTest.Adapter, Version=10.0.0.0, Culture=neutral, PublicKeyToken=b03f5f7f11d50a3a" className="QLBQCPTest.UnitTest1, QLBQCPTest, Version=1.0.0.0, Culture=neutral, PublicKeyToken=null" name="TestLoginKhongNhapPass" />
    </UnitTest>
    <UnitTest name="LoginKhongNhapThongTin" storage="c:\users\admin\desktop\quanlybanhangdht\qlbqcptest\bin\debug\qlbqcptest.dll" id="74d44576-8011-fbf1-2066-818783e29ee0">
      <Execution id="3cf68b44-a7e7-477c-a7e2-030b1935e3b7" />
      <TestMethod codeBase="C:/Users/ADMIN/Desktop/QuanLyBanHangDHT/QLBQCPTest/bin/Debug/QLBQCPTest.DLL" adapterTypeName="Microsoft.VisualStudio.TestTools.TestTypes.Unit.UnitTestAdapter, Microsoft.VisualStudio.QualityTools.Tips.UnitTest.Adapter, Version=10.0.0.0, Culture=neutral, PublicKeyToken=b03f5f7f11d50a3a" className="QLBQCPTest.UnitTest1, QLBQCPTest, Version=1.0.0.0, Culture=neutral, PublicKeyToken=null" name="LoginKhongNhapThongTin" />
    </UnitTest>
    <UnitTest name="TestLoginKhongNhapUser" storage="c:\users\admin\desktop\quanlybanhangdht\qlbqcptest\bin\debug\qlbqcptest.dll" id="e2f501f7-857d-805c-ee24-a5d2f5520d98">
      <Execution id="e076b41d-0240-4c76-9254-94412c80b502" />
      <TestMethod codeBase="C:/Users/ADMIN/Desktop/QuanLyBanHangDHT/QLBQCPTest/bin/Debug/QLBQCPTest.DLL" adapterTypeName="Microsoft.VisualStudio.TestTools.TestTypes.Unit.UnitTestAdapter, Microsoft.VisualStudio.QualityTools.Tips.UnitTest.Adapter, Version=10.0.0.0, Culture=neutral, PublicKeyToken=b03f5f7f11d50a3a" className="QLBQCPTest.UnitTest1, QLBQCPTest, Version=1.0.0.0, Culture=neutral, PublicKeyToken=null" name="TestLoginKhongNhapUser" />
    </UnitTest>
    <UnitTest name="TestDangNhapThanhCong" storage="c:\users\admin\desktop\quanlybanhangdht\qlbqcptest\bin\debug\qlbqcptest.dll" id="fe39e730-c96a-2052-86b3-f4cf718b6c01">
      <Execution id="08e89dd7-08ae-4469-92f1-38075086b5dc" />
      <TestMethod codeBase="C:/Users/ADMIN/Desktop/QuanLyBanHangDHT/QLBQCPTest/bin/Debug/QLBQCPTest.DLL" adapterTypeName="Microsoft.VisualStudio.TestTools.TestTypes.Unit.UnitTestAdapter, Microsoft.VisualStudio.QualityTools.Tips.UnitTest.Adapter, Version=10.0.0.0, Culture=neutral, PublicKeyToken=b03f5f7f11d50a3a" className="QLBQCPTest.UnitTest1, QLBQCPTest, Version=1.0.0.0, Culture=neutral, PublicKeyToken=null" name="TestDangNhapThanhCong" />
    </UnitTest>
    <UnitTest name="ThemThanhCong" storage="c:\users\admin\desktop\quanlybanhangdht\qlbqcptest\bin\debug\qlbqcptest.dll" id="2a9ad84d-2473-c864-4e94-cf1e349bee8a">
      <Execution id="6d1be13f-1fea-438c-93de-9e0fdc2ec69f" />
      <TestMethod codeBase="C:/Users/ADMIN/Desktop/QuanLyBanHangDHT/QLBQCPTest/bin/Debug/QLBQCPTest.DLL" adapterTypeName="Microsoft.VisualStudio.TestTools.TestTypes.Unit.UnitTestAdapter, Microsoft.VisualStudio.QualityTools.Tips.UnitTest.Adapter, Version=10.0.0.0, Culture=neutral, PublicKeyToken=b03f5f7f11d50a3a" className="QLBQCPTest.UnitTest1, QLBQCPTest, Version=1.0.0.0, Culture=neutral, PublicKeyToken=null" name="ThemThanhCong" />
    </UnitTest>
  </TestDefinitions>
  <TestLists>
    <TestList name="Results Not in a List" id="8c84fa94-04c1-424b-9868-57a2d4851a1d" />
    <TestList name="All Loaded Results" id="19431567-8539-422a-85d7-44ee4e166bda" />
  </TestLists>
  <TestEntries>
    <TestEntry testId="08edbe4f-eebe-3317-b7df-3a53a33d6ca8" executionId="1014a11b-e723-4c95-9386-f8950a38eb6a" testListId="8c84fa94-04c1-424b-9868-57a2d4851a1d" />
    <TestEntry testId="2a9ad84d-2473-c864-4e94-cf1e349bee8a" executionId="6d1be13f-1fea-438c-93de-9e0fdc2ec69f" testListId="8c84fa94-04c1-424b-9868-57a2d4851a1d" />
    <TestEntry testId="657f9582-b7c8-bd82-7bee-f064b3bd4161" executionId="5ec653a3-3422-4a87-bfb2-0c82c89ce0a4" testListId="8c84fa94-04c1-424b-9868-57a2d4851a1d" />
    <TestEntry testId="74d44576-8011-fbf1-2066-818783e29ee0" executionId="3cf68b44-a7e7-477c-a7e2-030b1935e3b7" testListId="8c84fa94-04c1-424b-9868-57a2d4851a1d" />
    <TestEntry testId="e2f501f7-857d-805c-ee24-a5d2f5520d98" executionId="e076b41d-0240-4c76-9254-94412c80b502" testListId="8c84fa94-04c1-424b-9868-57a2d4851a1d" />
    <TestEntry testId="fe39e730-c96a-2052-86b3-f4cf718b6c01" executionId="08e89dd7-08ae-4469-92f1-38075086b5dc" testListId="8c84fa94-04c1-424b-9868-57a2d4851a1d" />
  </TestEntries>
  <Results>
    <UnitTestResult executionId="1014a11b-e723-4c95-9386-f8950a38eb6a" testId="08edbe4f-eebe-3317-b7df-3a53a33d6ca8" testName="TestLoginKhongNhapPass" computerName="HONGTHY" duration="00:00:00.0288948" startTime="2019-04-02T12:37:29.3252640+07:00" endTime="2019-04-02T12:37:29.6790435+07:00" testType="13cdc9d9-ddb5-4fa4-a97d-d965ccfc6d4b" outcome="Passed" testListId="8c84fa94-04c1-424b-9868-57a2d4851a1d" relativeResultsDirectory="1014a11b-e723-4c95-9386-f8950a38eb6a">
    </UnitTestResult>
    <UnitTestResult executionId="6d1be13f-1fea-438c-93de-9e0fdc2ec69f" testId="2a9ad84d-2473-c864-4e94-cf1e349bee8a" testName="ThemThanhCong" computerName="HONGTHY" duration="00:00:00.0179200" startTime="2019-04-02T12:37:29.6870390+07:00" endTime="2019-04-02T12:37:29.7090258+07:00" testType="13cdc9d9-ddb5-4fa4-a97d-d965ccfc6d4b" outcome="Failed" testListId="8c84fa94-04c1-424b-9868-57a2d4851a1d" relativeResultsDirectory="6d1be13f-1fea-438c-93de-9e0fdc2ec69f">
      <Output>
        <ErrorInfo>
          <Message>Test method QLBQCPTest.UnitTest1.ThemThanhCong threw exception: 
System.Data.SqlClient.SqlException: String or binary data would be truncated.
The statement has been terminated.</Message>
          <StackTrace>    at System.Data.SqlClient.SqlConnection.OnError(SqlException exception, Boolean breakConnection, Action`1 wrapCloseInAction)
   at System.Data.SqlClient.SqlInternalConnection.OnError(SqlException exception, Boolean breakConnection, Action`1 wrapCloseInAction)
   at System.Data.SqlClient.TdsParser.ThrowExceptionAndWarning(TdsParserStateObject stateObj, Boolean callerHasConnectionLock, Boolean asyncClose)
   at System.Data.SqlClient.TdsParser.TryRun(RunBehavior runBehavior, SqlCommand cmdHandler, SqlDataReader dataStream, BulkCopySimpleResultSet bulkCopyHandler, TdsParserStateObject stateObj, Boolean&amp; dataReady)
   at System.Data.SqlClient.SqlCommand.RunExecuteNonQueryTds(String methodName, Boolean async, Int32 timeout, Boolean asyncWrite)
   at System.Data.SqlClient.SqlCommand.InternalExecuteNonQuery(TaskCompletionSource`1 completion, String methodName, Boolean sendToPipe, Int32 timeout, Boolean&amp; usedCache, Boolean asyncWrite, Boolean inRetry)
   at System.Data.SqlClient.SqlCommand.ExecuteNonQuery()
   at DAO.DataProvider.MyExecuteNonQuery(String sql) in C:\Users\ADMIN\Desktop\QuanLyBanHangDHT\DAO\DataProvider.cs:line 76
   at DAO.Products1DAO.Add(Products1 s) in C:\Users\ADMIN\Desktop\QuanLyBanHangDHT\DAO\Products1DAO.cs:line 48
   at QLBQCPTest.UnitTest1.ThemThanhCong() in C:\Users\ADMIN\Desktop\QuanLyBanHangDHT\QLBQCPTest\UnitTest1.cs:line 77
</StackTrace>
        </ErrorInfo>
      </Output>
    </UnitTestResult>
    <UnitTestResult executionId="5ec653a3-3422-4a87-bfb2-0c82c89ce0a4" testId="657f9582-b7c8-bd82-7bee-f064b3bd4161" testName="LoginKhongNhapSaiThongTin" computerName="HONGTHY" startTime="2019-04-02T12:37:29.7160214+07:00" endTime="2019-04-02T12:37:29.7240165+07:00" testType="13cdc9d9-ddb5-4fa4-a97d-d965ccfc6d4b" testListId="8c84fa94-04c1-424b-9868-57a2d4851a1d" relativeResultsDirectory="5ec653a3-3422-4a87-bfb2-0c82c89ce0a4">
      <Output>
        <ErrorInfo>
          <Message>Method QLBQCPTest.UnitTest1.LoginKhongNhapSaiThongTin does not exist.</Message>
        </ErrorInfo>
      </Output>
    </UnitTestResult>
    <UnitTestResult executionId="3cf68b44-a7e7-477c-a7e2-030b1935e3b7" testId="74d44576-8011-fbf1-2066-818783e29ee0" testName="LoginKhongNhapThongTin" computerName="HONGTHY" duration="00:00:00.0058658" startTime="2019-04-02T12:37:29.7330105+07:00" endTime="2019-04-02T12:37:29.7440041+07:00" testType="13cdc9d9-ddb5-4fa4-a97d-d965ccfc6d4b" outcome="Passed" testListId="8c84fa94-04c1-424b-9868-57a2d4851a1d" relativeResultsDirectory="3cf68b44-a7e7-477c-a7e2-030b1935e3b7">
    </UnitTestResult>
    <UnitTestResult executionId="e076b41d-0240-4c76-9254-94412c80b502" testId="e2f501f7-857d-805c-ee24-a5d2f5520d98" testName="TestLoginKhongNhapUser" computerName="HONGTHY" duration="00:00:00.0012486" startTime="2019-04-02T12:37:29.7509998+07:00" endTime="2019-04-02T12:37:29.7559979+07:00" testType="13cdc9d9-ddb5-4fa4-a97d-d965ccfc6d4b" outcome="Passed" testListId="8c84fa94-04c1-424b-9868-57a2d4851a1d" relativeResultsDirectory="e076b41d-0240-4c76-9254-94412c80b502">
    </UnitTestResult>
    <UnitTestResult executionId="08e89dd7-08ae-4469-92f1-38075086b5dc" testId="fe39e730-c96a-2052-86b3-f4cf718b6c01" testName="TestDangNhapThanhCong" computerName="HONGTHY" duration="00:00:00.0013538" startTime="2019-04-02T12:37:29.7639926+07:00" endTime="2019-04-02T12:37:29.7699888+07:00" testType="13cdc9d9-ddb5-4fa4-a97d-d965ccfc6d4b" outcome="Passed" testListId="8c84fa94-04c1-424b-9868-57a2d4851a1d" relativeResultsDirectory="08e89dd7-08ae-4469-92f1-38075086b5dc">
    </UnitTestResult>
  </Results>
</TestRun>