<?xml version="1.0" encoding="UTF-8"?>
<TestRun id="79ccaec7-5ea2-405f-b655-41f6cab3401b" name="ADMIN@HONGTHY 2019-04-02 11:31:22" runUser="HONGTHY\ADMIN" xmlns="http://microsoft.com/schemas/VisualStudio/TeamTest/2010">
  <TestSettings name="Local" id="cc75e7d1-cc8f-4277-bdb4-190cc8087d18">
    <Description>These are default test settings for a local test run.</Description>
    <Deployment enabled="false" runDeploymentRoot="ADMIN_HONGTHY 2019-04-02 11_31_22">
      <DeploymentItem filename="C:\Users\ADMIN\Desktop\QuanLyBanHangDHT\bin\Debug\QuanLyBanHang.exe" />
      <DeploymentItem filename="C:\Users\ADMIN\Desktop\QuanLyBanHangDHT\bin\Debug\BUS.dll" />
      <DeploymentItem filename="C:\Users\ADMIN\Desktop\QuanLyBanHangDHT\bin\Debug\DAO.dll" />
      <DeploymentItem filename="C:\Users\ADMIN\Desktop\QuanLyBanHangDHT\DTO\bin\Debug\DTO.dll" />
    </Deployment>
    <Execution>
      <TestTypeSpecific />
      <AgentRule name="Execution Agents">
      </AgentRule>
    </Execution>
  </TestSettings>
  <Times creation="2019-04-02T11:31:22.4376530+07:00" queuing="2019-04-02T11:31:29.6894850+07:00" start="2019-04-02T11:31:29.8698337+07:00" finish="2019-04-02T11:31:34.1708663+07:00" />
  <ResultSummary outcome="Completed">
    <Counters total="1" executed="1" passed="1" error="0" failed="0" timeout="0" aborted="0" inconclusive="0" passedButRunAborted="0" notRunnable="0" notExecuted="0" disconnected="0" warning="0" completed="0" inProgress="0" pending="0" />
  </ResultSummary>
  <TestDefinitions>
    <UnitTest name="TestLoginKhongNhapPass" storage="c:\users\admin\desktop\quanlybanhangdht\qlbqcptest\bin\debug\qlbqcptest.dll" id="08edbe4f-eebe-3317-b7df-3a53a33d6ca8">
      <Execution id="4dbf72c8-f2d8-4173-a395-22a2addb0b7d" />
      <TestMethod codeBase="C:/Users/ADMIN/Desktop/QuanLyBanHangDHT/QLBQCPTest/bin/Debug/QLBQCPTest.DLL" adapterTypeName="Microsoft.VisualStudio.TestTools.TestTypes.Unit.UnitTestAdapter, Microsoft.VisualStudio.QualityTools.Tips.UnitTest.Adapter, Version=10.0.0.0, Culture=neutral, PublicKeyToken=b03f5f7f11d50a3a" className="QLBQCPTest.UnitTest1, QLBQCPTest, Version=1.0.0.0, Culture=neutral, PublicKeyToken=null" name="TestLoginKhongNhapPass" />
    </UnitTest>
  </TestDefinitions>
  <TestLists>
    <TestList name="Results Not in a List" id="8c84fa94-04c1-424b-9868-57a2d4851a1d" />
    <TestList name="All Loaded Results" id="19431567-8539-422a-85d7-44ee4e166bda" />
  </TestLists>
  <TestEntries>
    <TestEntry testId="08edbe4f-eebe-3317-b7df-3a53a33d6ca8" executionId="4dbf72c8-f2d8-4173-a395-22a2addb0b7d" testListId="8c84fa94-04c1-424b-9868-57a2d4851a1d" />
  </TestEntries>
  <Results>
    <UnitTestResult executionId="4dbf72c8-f2d8-4173-a395-22a2addb0b7d" testId="08edbe4f-eebe-3317-b7df-3a53a33d6ca8" testName="TestLoginKhongNhapPass" computerName="HONGTHY" duration="00:00:01.5885933" startTime="2019-04-02T11:31:29.9717701+07:00" endTime="2019-04-02T11:31:32.4502122+07:00" testType="13cdc9d9-ddb5-4fa4-a97d-d965ccfc6d4b" outcome="Passed" testListId="8c84fa94-04c1-424b-9868-57a2d4851a1d" relativeResultsDirectory="4dbf72c8-f2d8-4173-a395-22a2addb0b7d">
    </UnitTestResult>
  </Results>
</TestRun>