<?xml version="1.0" encoding="UTF-8"?>
<TestRun id="77c2e874-2490-4cdb-8dca-a2bd2ffc6a25" name="ADMIN@HONGTHY 2019-04-02 13:13:47" runUser="HONGTHY\ADMIN" xmlns="http://microsoft.com/schemas/VisualStudio/TeamTest/2010">
  <TestSettings name="Local" id="cc75e7d1-cc8f-4277-bdb4-190cc8087d18">
    <Description>These are default test settings for a local test run.</Description>
    <Deployment enabled="false" runDeploymentRoot="ADMIN_HONGTHY 2019-04-02 13_13_47">
      <DeploymentItem filename="C:\Users\ADMIN\Desktop\QuanLyBanHangDHT\bin\Debug\QuanLyBanHang.exe" />
      <DeploymentItem filename="C:\Users\ADMIN\Desktop\QuanLyBanHangDHT\bin\Debug\BUS.dll" />
      <DeploymentItem filename="C:\Users\ADMIN\Desktop\QuanLyBanHangDHT\bin\Debug\DAO.dll" />
      <DeploymentItem filename="C:\Users\ADMIN\Desktop\QuanLyBanHangDHT\DTO\bin\Debug\DTO.dll" />
    </Deployment>
    <Execution>
      <TestTypeSpecific />
      <AgentRule name="Execution Agents">
      </AgentRule>
    </Execution>
  </TestSettings>
  <Times creation="2019-04-02T13:13:47.6165345+07:00" queuing="2019-04-02T13:13:47.6625047+07:00" start="2019-04-02T13:13:47.6704976+07:00" finish="2019-04-02T13:13:48.2031680+07:00" />
  <ResultSummary outcome="Completed">
    <Counters total="1" executed="1" passed="1" error="0" failed="0" timeout="0" aborted="0" inconclusive="0" passedButRunAborted="0" notRunnable="0" notExecuted="0" disconnected="0" warning="0" completed="0" inProgress="0" pending="0" />
  </ResultSummary>
  <TestDefinitions>
    <UnitTest name="XoaSaiMa" storage="c:\users\admin\desktop\quanlybanhangdht\qlbqcptest\bin\debug\qlbqcptest.dll" id="7704c972-6301-f770-0c13-3123ea18fa29">
      <Execution id="a1943091-f525-49bc-9702-130ab6d27502" />
      <TestMethod codeBase="C:/Users/ADMIN/Desktop/QuanLyBanHangDHT/QLBQCPTest/bin/Debug/QLBQCPTest.DLL" adapterTypeName="Microsoft.VisualStudio.TestTools.TestTypes.Unit.UnitTestAdapter, Microsoft.VisualStudio.QualityTools.Tips.UnitTest.Adapter, Version=10.0.0.0, Culture=neutral, PublicKeyToken=b03f5f7f11d50a3a" className="QLBQCPTest.UnitTest1, QLBQCPTest, Version=1.0.0.0, Culture=neutral, PublicKeyToken=null" name="XoaSaiMa" />
    </UnitTest>
  </TestDefinitions>
  <TestLists>
    <TestList name="Results Not in a List" id="8c84fa94-04c1-424b-9868-57a2d4851a1d" />
    <TestList name="All Loaded Results" id="19431567-8539-422a-85d7-44ee4e166bda" />
  </TestLists>
  <TestEntries>
    <TestEntry testId="7704c972-6301-f770-0c13-3123ea18fa29" executionId="a1943091-f525-49bc-9702-130ab6d27502" testListId="8c84fa94-04c1-424b-9868-57a2d4851a1d" />
  </TestEntries>
  <Results>
    <UnitTestResult executionId="a1943091-f525-49bc-9702-130ab6d27502" testId="7704c972-6301-f770-0c13-3123ea18fa29" testName="XoaSaiMa" computerName="HONGTHY" duration="00:00:00.0318116" startTime="2019-04-02T13:13:47.6824911+07:00" endTime="2019-04-02T13:13:48.1531994+07:00" testType="13cdc9d9-ddb5-4fa4-a97d-d965ccfc6d4b" outcome="Passed" testListId="8c84fa94-04c1-424b-9868-57a2d4851a1d" relativeResultsDirectory="a1943091-f525-49bc-9702-130ab6d27502">
    </UnitTestResult>
  </Results>
</TestRun>